ARM GAS  /tmp/ccQDtRWG.s 			page 1


   1              		.cpu cortex-m4
   2              		.eabi_attribute 27, 1
   3              		.eabi_attribute 28, 1
   4              		.eabi_attribute 20, 1
   5              		.eabi_attribute 21, 1
   6              		.eabi_attribute 23, 3
   7              		.eabi_attribute 24, 1
   8              		.eabi_attribute 25, 1
   9              		.eabi_attribute 26, 1
  10              		.eabi_attribute 30, 2
  11              		.eabi_attribute 34, 1
  12              		.eabi_attribute 18, 4
  13              		.file	"chmemcore.c"
  14              		.text
  15              	.Ltext0:
  16              		.cfi_sections	.debug_frame
  17              		.section	.text._core_init,"ax",%progbits
  18              		.align	1
  19              		.p2align 4,,15
  20              		.global	_core_init
  21              		.syntax unified
  22              		.thumb
  23              		.thumb_func
  24              		.fpu fpv4-sp-d16
  25              		.type	_core_init, %function
  26              	_core_init:
  27              	.LFB219:
  28              		.file 1 "ChibiOS_3.0.2/os/rt/src/chmemcore.c"
  29              		.loc 1 78 0
  30              		.cfi_startproc
  31              		@ args = 0, pretend = 0, frame = 0
  32              		@ frame_needed = 0, uses_anonymous_args = 0
  33              		@ link register save eliminated.
  34              		.loc 1 84 0
  35 0000 054A     		ldr	r2, .L3
  36              		.loc 1 85 0
  37 0002 064B     		ldr	r3, .L3+4
  38              		.loc 1 84 0
  39 0004 0648     		ldr	r0, .L3+8
  40              		.loc 1 85 0
  41 0006 0749     		ldr	r1, .L3+12
  42              		.loc 1 84 0
  43 0008 22F00702 		bic	r2, r2, #7
  44              		.loc 1 85 0
  45 000c 23F00703 		bic	r3, r3, #7
  46              		.loc 1 84 0
  47 0010 0260     		str	r2, [r0]
  48              		.loc 1 85 0
  49 0012 0B60     		str	r3, [r1]
  50              		.loc 1 95 0
  51 0014 7047     		bx	lr
  52              	.L4:
  53 0016 00BF     		.align	2
  54              	.L3:
  55 0018 07000000 		.word	__heap_base__+7
  56 001c 00000000 		.word	__heap_end__
  57 0020 00000000 		.word	.LANCHOR0
ARM GAS  /tmp/ccQDtRWG.s 			page 2


  58 0024 00000000 		.word	.LANCHOR1
  59              		.cfi_endproc
  60              	.LFE219:
  61              		.size	_core_init, .-_core_init
  62              		.section	.text.chCoreAlloc,"ax",%progbits
  63              		.align	1
  64              		.p2align 4,,15
  65              		.global	chCoreAlloc
  66              		.syntax unified
  67              		.thumb
  68              		.thumb_func
  69              		.fpu fpv4-sp-d16
  70              		.type	chCoreAlloc, %function
  71              	chCoreAlloc:
  72              	.LFB220:
  73              		.loc 1 109 0
  74              		.cfi_startproc
  75              		@ args = 0, pretend = 0, frame = 0
  76              		@ frame_needed = 0, uses_anonymous_args = 0
  77              		@ link register save eliminated.
  78              	.LVL0:
  79              		.loc 1 109 0
  80 0000 0346     		mov	r3, r0
  81              	.LBB26:
  82              	.LBB27:
  83              	.LBB28:
  84              	.LBB29:
  85              		.file 2 "ChibiOS_3.0.2/os/ext/CMSIS/include/core_cmFunc.h"
  86              		.loc 2 342 0
  87              		.syntax unified
  88              	@ 342 "ChibiOS_3.0.2/os/ext/CMSIS/include/core_cmFunc.h" 1
  89 0002 72B6     		cpsid i
  90              	@ 0 "" 2
  91              	.LVL1:
  92              		.thumb
  93              		.syntax unified
  94              	.LBE29:
  95              	.LBE28:
  96              	.LBE27:
  97              	.LBE26:
  98              	.LBB30:
  99              	.LBB31:
 100              		.loc 1 138 0
 101 0004 0749     		ldr	r1, .L8
 102 0006 084A     		ldr	r2, .L8+4
 103 0008 0868     		ldr	r0, [r1]
 104              	.LVL2:
 105 000a 1268     		ldr	r2, [r2]
 106              		.loc 1 136 0
 107 000c 0733     		adds	r3, r3, #7
 108              	.LVL3:
 109 000e 23F00703 		bic	r3, r3, #7
 110              	.LVL4:
 111              		.loc 1 138 0
 112 0012 121A     		subs	r2, r2, r0
 113 0014 9342     		cmp	r3, r2
 114              	.LVL5:
ARM GAS  /tmp/ccQDtRWG.s 			page 3


 115              		.loc 1 143 0
 116 0016 9ABF     		itte	ls
 117 0018 1B18     		addls	r3, r3, r0
 118              	.LVL6:
 119 001a 0B60     		strls	r3, [r1]
 120              		.loc 1 140 0
 121 001c 0020     		movhi	r0, #0
 122              	.LVL7:
 123              	.LBE31:
 124              	.LBE30:
 125              	.LBB32:
 126              	.LBB33:
 127              	.LBB34:
 128              	.LBB35:
 129              	.LBB36:
 130              		.loc 2 331 0
 131              		.syntax unified
 132              	@ 331 "ChibiOS_3.0.2/os/ext/CMSIS/include/core_cmFunc.h" 1
 133 001e 62B6     		cpsie i
 134              	@ 0 "" 2
 135              		.thumb
 136              		.syntax unified
 137              	.LBE36:
 138              	.LBE35:
 139              	.LBE34:
 140              	.LBE33:
 141              	.LBE32:
 142              		.loc 1 117 0
 143 0020 7047     		bx	lr
 144              	.L9:
 145 0022 00BF     		.align	2
 146              	.L8:
 147 0024 00000000 		.word	.LANCHOR0
 148 0028 00000000 		.word	.LANCHOR1
 149              		.cfi_endproc
 150              	.LFE220:
 151              		.size	chCoreAlloc, .-chCoreAlloc
 152              		.section	.text.chCoreAllocI,"ax",%progbits
 153              		.align	1
 154              		.p2align 4,,15
 155              		.global	chCoreAllocI
 156              		.syntax unified
 157              		.thumb
 158              		.thumb_func
 159              		.fpu fpv4-sp-d16
 160              		.type	chCoreAllocI, %function
 161              	chCoreAllocI:
 162              	.LFB221:
 163              		.loc 1 131 0
 164              		.cfi_startproc
 165              		@ args = 0, pretend = 0, frame = 0
 166              		@ frame_needed = 0, uses_anonymous_args = 0
 167              		@ link register save eliminated.
 168              	.LVL8:
 169              		.loc 1 138 0
 170 0000 0749     		ldr	r1, .L13
 171 0002 084A     		ldr	r2, .L13+4
ARM GAS  /tmp/ccQDtRWG.s 			page 4


 172 0004 0B68     		ldr	r3, [r1]
 173 0006 1268     		ldr	r2, [r2]
 174              		.loc 1 136 0
 175 0008 0730     		adds	r0, r0, #7
 176              	.LVL9:
 177 000a 20F00700 		bic	r0, r0, #7
 178              	.LVL10:
 179              		.loc 1 138 0
 180 000e D21A     		subs	r2, r2, r3
 181 0010 8242     		cmp	r2, r0
 182              	.LVL11:
 183              		.loc 1 143 0
 184 0012 2ABF     		itet	cs
 185 0014 C018     		addcs	r0, r0, r3
 186              	.LVL12:
 187              		.loc 1 140 0
 188 0016 0023     		movcc	r3, #0
 189              	.LVL13:
 190              		.loc 1 143 0
 191 0018 0860     		strcs	r0, [r1]
 192              	.LVL14:
 193              		.loc 1 146 0
 194 001a 1846     		mov	r0, r3
 195 001c 7047     		bx	lr
 196              	.L14:
 197 001e 00BF     		.align	2
 198              	.L13:
 199 0020 00000000 		.word	.LANCHOR0
 200 0024 00000000 		.word	.LANCHOR1
 201              		.cfi_endproc
 202              	.LFE221:
 203              		.size	chCoreAllocI, .-chCoreAllocI
 204              		.section	.text.chCoreGetStatusX,"ax",%progbits
 205              		.align	1
 206              		.p2align 4,,15
 207              		.global	chCoreGetStatusX
 208              		.syntax unified
 209              		.thumb
 210              		.thumb_func
 211              		.fpu fpv4-sp-d16
 212              		.type	chCoreGetStatusX, %function
 213              	chCoreGetStatusX:
 214              	.LFB222:
 215              		.loc 1 155 0
 216              		.cfi_startproc
 217              		@ args = 0, pretend = 0, frame = 0
 218              		@ frame_needed = 0, uses_anonymous_args = 0
 219              		@ link register save eliminated.
 220              		.loc 1 158 0
 221 0000 024A     		ldr	r2, .L16
 222 0002 034B     		ldr	r3, .L16+4
 223 0004 1068     		ldr	r0, [r2]
 224 0006 1B68     		ldr	r3, [r3]
 225              		.loc 1 160 0
 226 0008 C01A     		subs	r0, r0, r3
 227 000a 7047     		bx	lr
 228              	.L17:
ARM GAS  /tmp/ccQDtRWG.s 			page 5


 229              		.align	2
 230              	.L16:
 231 000c 00000000 		.word	.LANCHOR1
 232 0010 00000000 		.word	.LANCHOR0
 233              		.cfi_endproc
 234              	.LFE222:
 235              		.size	chCoreGetStatusX, .-chCoreGetStatusX
 236              		.section	.bss.endmem,"aw",%nobits
 237              		.align	2
 238              		.set	.LANCHOR1,. + 0
 239              		.type	endmem, %object
 240              		.size	endmem, 4
 241              	endmem:
 242 0000 00000000 		.space	4
 243              		.section	.bss.nextmem,"aw",%nobits
 244              		.align	2
 245              		.set	.LANCHOR0,. + 0
 246              		.type	nextmem, %object
 247              		.size	nextmem, 4
 248              	nextmem:
 249 0000 00000000 		.space	4
 250              		.text
 251              	.Letext0:
 252              		.file 3 "/usr/lib/gcc/arm-none-eabi/7.3.1/include/stddef.h"
 253              		.file 4 "/usr/arm-none-eabi/include/machine/_default_types.h"
 254              		.file 5 "/usr/arm-none-eabi/include/sys/_stdint.h"
 255              		.file 6 "ChibiOS_3.0.2/os/rt/ports/ARMCMx/compilers/GCC/chtypes.h"
 256              		.file 7 "ChibiOS_3.0.2/os/rt/include/chsystypes.h"
 257              		.file 8 "ChibiOS_3.0.2/os/rt/include/chschd.h"
 258              		.file 9 "ChibiOS_3.0.2/os/ext/CMSIS/include/core_cm4.h"
 259              		.file 10 "ChibiOS_3.0.2/os/ext/CMSIS/ST/system_stm32f4xx.h"
 260              		.file 11 "ChibiOS_3.0.2/os/rt/ports/ARMCMx/chcore.h"
 261              		.file 12 "ChibiOS_3.0.2/os/rt/ports/ARMCMx/chcore_v7m.h"
 262              		.file 13 "ChibiOS_3.0.2/os/rt/include/chtm.h"
 263              		.file 14 "ChibiOS_3.0.2/os/rt/include/chsem.h"
 264              		.file 15 "ChibiOS_3.0.2/os/rt/include/chmtx.h"
 265              		.file 16 "ChibiOS_3.0.2/os/rt/include/chregistry.h"
 266              		.file 17 "ChibiOS_3.0.2/os/rt/include/chsys.h"
 267              		.section	.debug_info,"",%progbits
 268              	.Ldebug_info0:
 269 0000 380A0000 		.4byte	0xa38
 270 0004 0400     		.2byte	0x4
 271 0006 00000000 		.4byte	.Ldebug_abbrev0
 272 000a 04       		.byte	0x4
 273 000b 01       		.uleb128 0x1
 274 000c 80000000 		.4byte	.LASF138
 275 0010 0C       		.byte	0xc
 276 0011 37000000 		.4byte	.LASF139
 277 0015 12050000 		.4byte	.LASF140
 278 0019 00000000 		.4byte	.Ldebug_ranges0+0
 279 001d 00000000 		.4byte	0
 280 0021 00000000 		.4byte	.Ldebug_line0
 281 0025 02       		.uleb128 0x2
 282 0026 04       		.byte	0x4
 283 0027 05       		.byte	0x5
 284 0028 696E7400 		.ascii	"int\000"
 285 002c 03       		.uleb128 0x3
ARM GAS  /tmp/ccQDtRWG.s 			page 6


 286 002d 14000000 		.4byte	.LASF2
 287 0031 03       		.byte	0x3
 288 0032 D8       		.byte	0xd8
 289 0033 37000000 		.4byte	0x37
 290 0037 04       		.uleb128 0x4
 291 0038 04       		.byte	0x4
 292 0039 07       		.byte	0x7
 293 003a 2A030000 		.4byte	.LASF0
 294 003e 04       		.uleb128 0x4
 295 003f 01       		.byte	0x1
 296 0040 06       		.byte	0x6
 297 0041 45020000 		.4byte	.LASF1
 298 0045 03       		.uleb128 0x3
 299 0046 5B000000 		.4byte	.LASF3
 300 004a 04       		.byte	0x4
 301 004b 2B       		.byte	0x2b
 302 004c 50000000 		.4byte	0x50
 303 0050 04       		.uleb128 0x4
 304 0051 01       		.byte	0x1
 305 0052 08       		.byte	0x8
 306 0053 04050000 		.4byte	.LASF4
 307 0057 04       		.uleb128 0x4
 308 0058 02       		.byte	0x2
 309 0059 05       		.byte	0x5
 310 005a 74050000 		.4byte	.LASF5
 311 005e 03       		.uleb128 0x3
 312 005f 7D060000 		.4byte	.LASF6
 313 0063 04       		.byte	0x4
 314 0064 39       		.byte	0x39
 315 0065 69000000 		.4byte	0x69
 316 0069 04       		.uleb128 0x4
 317 006a 02       		.byte	0x2
 318 006b 07       		.byte	0x7
 319 006c 96030000 		.4byte	.LASF7
 320 0070 03       		.uleb128 0x3
 321 0071 EB030000 		.4byte	.LASF8
 322 0075 04       		.byte	0x4
 323 0076 4D       		.byte	0x4d
 324 0077 7B000000 		.4byte	0x7b
 325 007b 04       		.uleb128 0x4
 326 007c 04       		.byte	0x4
 327 007d 05       		.byte	0x5
 328 007e AB020000 		.4byte	.LASF9
 329 0082 03       		.uleb128 0x3
 330 0083 BE060000 		.4byte	.LASF10
 331 0087 04       		.byte	0x4
 332 0088 4F       		.byte	0x4f
 333 0089 8D000000 		.4byte	0x8d
 334 008d 04       		.uleb128 0x4
 335 008e 04       		.byte	0x4
 336 008f 07       		.byte	0x7
 337 0090 5F060000 		.4byte	.LASF11
 338 0094 04       		.uleb128 0x4
 339 0095 08       		.byte	0x8
 340 0096 05       		.byte	0x5
 341 0097 37020000 		.4byte	.LASF12
 342 009b 03       		.uleb128 0x3
ARM GAS  /tmp/ccQDtRWG.s 			page 7


 343 009c A8040000 		.4byte	.LASF13
 344 00a0 04       		.byte	0x4
 345 00a1 69       		.byte	0x69
 346 00a2 A6000000 		.4byte	0xa6
 347 00a6 04       		.uleb128 0x4
 348 00a7 08       		.byte	0x8
 349 00a8 07       		.byte	0x7
 350 00a9 AE010000 		.4byte	.LASF14
 351 00ad 03       		.uleb128 0x3
 352 00ae 1E070000 		.4byte	.LASF15
 353 00b2 05       		.byte	0x5
 354 00b3 18       		.byte	0x18
 355 00b4 45000000 		.4byte	0x45
 356 00b8 03       		.uleb128 0x3
 357 00b9 3F030000 		.4byte	.LASF16
 358 00bd 05       		.byte	0x5
 359 00be 24       		.byte	0x24
 360 00bf 5E000000 		.4byte	0x5e
 361 00c3 03       		.uleb128 0x3
 362 00c4 FC040000 		.4byte	.LASF17
 363 00c8 05       		.byte	0x5
 364 00c9 2C       		.byte	0x2c
 365 00ca 70000000 		.4byte	0x70
 366 00ce 05       		.uleb128 0x5
 367 00cf C3000000 		.4byte	0xc3
 368 00d3 03       		.uleb128 0x3
 369 00d4 2A060000 		.4byte	.LASF18
 370 00d8 05       		.byte	0x5
 371 00d9 30       		.byte	0x30
 372 00da 82000000 		.4byte	0x82
 373 00de 03       		.uleb128 0x3
 374 00df 22000000 		.4byte	.LASF19
 375 00e3 05       		.byte	0x5
 376 00e4 3C       		.byte	0x3c
 377 00e5 9B000000 		.4byte	0x9b
 378 00e9 03       		.uleb128 0x3
 379 00ea 2D040000 		.4byte	.LASF20
 380 00ee 06       		.byte	0x6
 381 00ef 45       		.byte	0x45
 382 00f0 D3000000 		.4byte	0xd3
 383 00f4 03       		.uleb128 0x3
 384 00f5 B2050000 		.4byte	.LASF21
 385 00f9 06       		.byte	0x6
 386 00fa 48       		.byte	0x48
 387 00fb AD000000 		.4byte	0xad
 388 00ff 03       		.uleb128 0x3
 389 0100 B4020000 		.4byte	.LASF22
 390 0104 06       		.byte	0x6
 391 0105 49       		.byte	0x49
 392 0106 AD000000 		.4byte	0xad
 393 010a 03       		.uleb128 0x3
 394 010b 2F020000 		.4byte	.LASF23
 395 010f 06       		.byte	0x6
 396 0110 4A       		.byte	0x4a
 397 0111 AD000000 		.4byte	0xad
 398 0115 03       		.uleb128 0x3
 399 0116 91020000 		.4byte	.LASF24
ARM GAS  /tmp/ccQDtRWG.s 			page 8


 400 011a 06       		.byte	0x6
 401 011b 4B       		.byte	0x4b
 402 011c AD000000 		.4byte	0xad
 403 0120 03       		.uleb128 0x3
 404 0121 E3040000 		.4byte	.LASF25
 405 0125 06       		.byte	0x6
 406 0126 4C       		.byte	0x4c
 407 0127 D3000000 		.4byte	0xd3
 408 012b 03       		.uleb128 0x3
 409 012c B3030000 		.4byte	.LASF26
 410 0130 06       		.byte	0x6
 411 0131 4D       		.byte	0x4d
 412 0132 C3000000 		.4byte	0xc3
 413 0136 03       		.uleb128 0x3
 414 0137 DF030000 		.4byte	.LASF27
 415 013b 06       		.byte	0x6
 416 013c 4F       		.byte	0x4f
 417 013d D3000000 		.4byte	0xd3
 418 0141 03       		.uleb128 0x3
 419 0142 24030000 		.4byte	.LASF28
 420 0146 06       		.byte	0x6
 421 0147 51       		.byte	0x51
 422 0148 C3000000 		.4byte	0xc3
 423 014c 03       		.uleb128 0x3
 424 014d A0060000 		.4byte	.LASF29
 425 0151 07       		.byte	0x7
 426 0152 33       		.byte	0x33
 427 0153 D3000000 		.4byte	0xd3
 428 0157 05       		.uleb128 0x5
 429 0158 4C010000 		.4byte	0x14c
 430 015c 03       		.uleb128 0x3
 431 015d 88060000 		.4byte	.LASF30
 432 0161 07       		.byte	0x7
 433 0162 3F       		.byte	0x3f
 434 0163 67010000 		.4byte	0x167
 435 0167 06       		.uleb128 0x6
 436 0168 A9030000 		.4byte	.LASF52
 437 016c 48       		.byte	0x48
 438 016d 08       		.byte	0x8
 439 016e C2       		.byte	0xc2
 440 016f 6C020000 		.4byte	0x26c
 441 0173 07       		.uleb128 0x7
 442 0174 AB050000 		.4byte	.LASF31
 443 0178 08       		.byte	0x8
 444 0179 C3       		.byte	0xc3
 445 017a 77020000 		.4byte	0x277
 446 017e 00       		.byte	0
 447 017f 07       		.uleb128 0x7
 448 0180 DC040000 		.4byte	.LASF32
 449 0184 08       		.byte	0x8
 450 0185 C5       		.byte	0xc5
 451 0186 77020000 		.4byte	0x277
 452 018a 04       		.byte	0x4
 453 018b 07       		.uleb128 0x7
 454 018c 1B020000 		.4byte	.LASF33
 455 0190 08       		.byte	0x8
 456 0191 C7       		.byte	0xc7
ARM GAS  /tmp/ccQDtRWG.s 			page 9


 457 0192 20010000 		.4byte	0x120
 458 0196 08       		.byte	0x8
 459 0197 07       		.uleb128 0x7
 460 0198 72040000 		.4byte	.LASF34
 461 019c 08       		.byte	0x8
 462 019d C8       		.byte	0xc8
 463 019e B7040000 		.4byte	0x4b7
 464 01a2 0C       		.byte	0xc
 465 01a3 07       		.uleb128 0x7
 466 01a4 C7020000 		.4byte	.LASF35
 467 01a8 08       		.byte	0x8
 468 01a9 CA       		.byte	0xca
 469 01aa 77020000 		.4byte	0x277
 470 01ae 10       		.byte	0x10
 471 01af 07       		.uleb128 0x7
 472 01b0 64040000 		.4byte	.LASF36
 473 01b4 08       		.byte	0x8
 474 01b5 CB       		.byte	0xcb
 475 01b6 77020000 		.4byte	0x277
 476 01ba 14       		.byte	0x14
 477 01bb 07       		.uleb128 0x7
 478 01bc 40070000 		.4byte	.LASF37
 479 01c0 08       		.byte	0x8
 480 01c1 D2       		.byte	0xd2
 481 01c2 FC060000 		.4byte	0x6fc
 482 01c6 18       		.byte	0x18
 483 01c7 07       		.uleb128 0x7
 484 01c8 7E050000 		.4byte	.LASF38
 485 01cc 08       		.byte	0x8
 486 01cd DD       		.byte	0xdd
 487 01ce FF000000 		.4byte	0xff
 488 01d2 1C       		.byte	0x1c
 489 01d3 07       		.uleb128 0x7
 490 01d4 C9050000 		.4byte	.LASF39
 491 01d8 08       		.byte	0x8
 492 01d9 E1       		.byte	0xe1
 493 01da F4000000 		.4byte	0xf4
 494 01de 1D       		.byte	0x1d
 495 01df 07       		.uleb128 0x7
 496 01e0 11070000 		.4byte	.LASF40
 497 01e4 08       		.byte	0x8
 498 01e5 E6       		.byte	0xe6
 499 01e6 0A010000 		.4byte	0x10a
 500 01ea 1E       		.byte	0x1e
 501 01eb 07       		.uleb128 0x7
 502 01ec 86050000 		.4byte	.LASF41
 503 01f0 08       		.byte	0x8
 504 01f1 EC       		.byte	0xec
 505 01f2 15010000 		.4byte	0x115
 506 01f6 1F       		.byte	0x1f
 507 01f7 07       		.uleb128 0x7
 508 01f8 58030000 		.4byte	.LASF42
 509 01fc 08       		.byte	0x8
 510 01fd F3       		.byte	0xf3
 511 01fe 57010000 		.4byte	0x157
 512 0202 20       		.byte	0x20
 513 0203 08       		.uleb128 0x8
ARM GAS  /tmp/ccQDtRWG.s 			page 10


 514 0204 705F7500 		.ascii	"p_u\000"
 515 0208 08       		.byte	0x8
 516 0209 3101     		.2byte	0x131
 517 020b 37060000 		.4byte	0x637
 518 020f 24       		.byte	0x24
 519 0210 09       		.uleb128 0x9
 520 0211 23040000 		.4byte	.LASF43
 521 0215 08       		.byte	0x8
 522 0216 3601     		.2byte	0x136
 523 0218 7D020000 		.4byte	0x27d
 524 021c 28       		.byte	0x28
 525 021d 09       		.uleb128 0x9
 526 021e 7C030000 		.4byte	.LASF44
 527 0222 08       		.byte	0x8
 528 0223 3C01     		.2byte	0x13c
 529 0225 A1020000 		.4byte	0x2a1
 530 0229 2C       		.byte	0x2c
 531 022a 09       		.uleb128 0x9
 532 022b E2060000 		.4byte	.LASF45
 533 022f 08       		.byte	0x8
 534 0230 4001     		.2byte	0x140
 535 0232 2B010000 		.4byte	0x12b
 536 0236 34       		.byte	0x34
 537 0237 09       		.uleb128 0x9
 538 0238 1F060000 		.4byte	.LASF46
 539 023c 08       		.byte	0x8
 540 023d 4601     		.2byte	0x146
 541 023f 36010000 		.4byte	0x136
 542 0243 38       		.byte	0x38
 543 0244 09       		.uleb128 0x9
 544 0245 6A050000 		.4byte	.LASF47
 545 0249 08       		.byte	0x8
 546 024a 4D01     		.2byte	0x14d
 547 024c F6060000 		.4byte	0x6f6
 548 0250 3C       		.byte	0x3c
 549 0251 09       		.uleb128 0x9
 550 0252 AA060000 		.4byte	.LASF48
 551 0256 08       		.byte	0x8
 552 0257 5101     		.2byte	0x151
 553 0259 20010000 		.4byte	0x120
 554 025d 40       		.byte	0x40
 555 025e 09       		.uleb128 0x9
 556 025f 6E020000 		.4byte	.LASF49
 557 0263 08       		.byte	0x8
 558 0264 5801     		.2byte	0x158
 559 0266 54030000 		.4byte	0x354
 560 026a 44       		.byte	0x44
 561 026b 00       		.byte	0
 562 026c 03       		.uleb128 0x3
 563 026d 26070000 		.4byte	.LASF50
 564 0271 07       		.byte	0x7
 565 0272 44       		.byte	0x44
 566 0273 77020000 		.4byte	0x277
 567 0277 0A       		.uleb128 0xa
 568 0278 04       		.byte	0x4
 569 0279 5C010000 		.4byte	0x15c
 570 027d 03       		.uleb128 0x3
ARM GAS  /tmp/ccQDtRWG.s 			page 11


 571 027e 00040000 		.4byte	.LASF51
 572 0282 07       		.byte	0x7
 573 0283 49       		.byte	0x49
 574 0284 88020000 		.4byte	0x288
 575 0288 06       		.uleb128 0x6
 576 0289 47060000 		.4byte	.LASF53
 577 028d 04       		.byte	0x4
 578 028e 08       		.byte	0x8
 579 028f B0       		.byte	0xb0
 580 0290 A1020000 		.4byte	0x2a1
 581 0294 07       		.uleb128 0x7
 582 0295 AB050000 		.4byte	.LASF31
 583 0299 08       		.byte	0x8
 584 029a B1       		.byte	0xb1
 585 029b 77020000 		.4byte	0x277
 586 029f 00       		.byte	0
 587 02a0 00       		.byte	0
 588 02a1 03       		.uleb128 0x3
 589 02a2 E4050000 		.4byte	.LASF54
 590 02a6 07       		.byte	0x7
 591 02a7 50       		.byte	0x50
 592 02a8 AC020000 		.4byte	0x2ac
 593 02ac 06       		.uleb128 0x6
 594 02ad 0A020000 		.4byte	.LASF55
 595 02b1 08       		.byte	0x8
 596 02b2 08       		.byte	0x8
 597 02b3 B7       		.byte	0xb7
 598 02b4 D1020000 		.4byte	0x2d1
 599 02b8 07       		.uleb128 0x7
 600 02b9 AB050000 		.4byte	.LASF31
 601 02bd 08       		.byte	0x8
 602 02be B8       		.byte	0xb8
 603 02bf 77020000 		.4byte	0x277
 604 02c3 00       		.byte	0
 605 02c4 07       		.uleb128 0x7
 606 02c5 DC040000 		.4byte	.LASF32
 607 02c9 08       		.byte	0x8
 608 02ca B9       		.byte	0xb9
 609 02cb 77020000 		.4byte	0x277
 610 02cf 04       		.byte	0x4
 611 02d0 00       		.byte	0
 612 02d1 03       		.uleb128 0x3
 613 02d2 07000000 		.4byte	.LASF56
 614 02d6 07       		.byte	0x7
 615 02d7 57       		.byte	0x57
 616 02d8 DC020000 		.4byte	0x2dc
 617 02dc 0B       		.uleb128 0xb
 618 02dd D1030000 		.4byte	.LASF57
 619 02e1 1C       		.byte	0x1c
 620 02e2 08       		.byte	0x8
 621 02e3 9001     		.2byte	0x190
 622 02e5 38030000 		.4byte	0x338
 623 02e9 09       		.uleb128 0x9
 624 02ea 3F060000 		.4byte	.LASF58
 625 02ee 08       		.byte	0x8
 626 02ef 9101     		.2byte	0x191
 627 02f1 A1020000 		.4byte	0x2a1
ARM GAS  /tmp/ccQDtRWG.s 			page 12


 628 02f5 00       		.byte	0
 629 02f6 09       		.uleb128 0x9
 630 02f7 9D050000 		.4byte	.LASF59
 631 02fb 08       		.byte	0x8
 632 02fc 9201     		.2byte	0x192
 633 02fe 20010000 		.4byte	0x120
 634 0302 08       		.byte	0x8
 635 0303 09       		.uleb128 0x9
 636 0304 6C040000 		.4byte	.LASF60
 637 0308 08       		.byte	0x8
 638 0309 9401     		.2byte	0x194
 639 030b B7040000 		.4byte	0x4b7
 640 030f 0C       		.byte	0xc
 641 0310 09       		.uleb128 0x9
 642 0311 E4020000 		.4byte	.LASF61
 643 0315 08       		.byte	0x8
 644 0316 9701     		.2byte	0x197
 645 0318 77020000 		.4byte	0x277
 646 031c 10       		.byte	0x10
 647 031d 09       		.uleb128 0x9
 648 031e 93040000 		.4byte	.LASF62
 649 0322 08       		.byte	0x8
 650 0323 9801     		.2byte	0x198
 651 0325 77020000 		.4byte	0x277
 652 0329 14       		.byte	0x14
 653 032a 09       		.uleb128 0x9
 654 032b 89040000 		.4byte	.LASF63
 655 032f 08       		.byte	0x8
 656 0330 9B01     		.2byte	0x19b
 657 0332 77020000 		.4byte	0x277
 658 0336 18       		.byte	0x18
 659 0337 00       		.byte	0
 660 0338 03       		.uleb128 0x3
 661 0339 B5060000 		.4byte	.LASF64
 662 033d 07       		.byte	0x7
 663 033e 5C       		.byte	0x5c
 664 033f 43030000 		.4byte	0x343
 665 0343 0A       		.uleb128 0xa
 666 0344 04       		.byte	0x4
 667 0345 49030000 		.4byte	0x349
 668 0349 0C       		.uleb128 0xc
 669 034a 54030000 		.4byte	0x354
 670 034e 0D       		.uleb128 0xd
 671 034f 54030000 		.4byte	0x354
 672 0353 00       		.byte	0
 673 0354 0E       		.uleb128 0xe
 674 0355 04       		.byte	0x4
 675 0356 03       		.uleb128 0x3
 676 0357 CC040000 		.4byte	.LASF65
 677 035b 07       		.byte	0x7
 678 035c 61       		.byte	0x61
 679 035d 61030000 		.4byte	0x361
 680 0361 0B       		.uleb128 0xb
 681 0362 F4050000 		.4byte	.LASF66
 682 0366 14       		.byte	0x14
 683 0367 08       		.byte	0x8
 684 0368 6B01     		.2byte	0x16b
ARM GAS  /tmp/ccQDtRWG.s 			page 13


 685 036a B0030000 		.4byte	0x3b0
 686 036e 09       		.uleb128 0x9
 687 036f 37030000 		.4byte	.LASF67
 688 0373 08       		.byte	0x8
 689 0374 6C01     		.2byte	0x16c
 690 0376 13070000 		.4byte	0x713
 691 037a 00       		.byte	0
 692 037b 09       		.uleb128 0x9
 693 037c F5020000 		.4byte	.LASF68
 694 0380 08       		.byte	0x8
 695 0381 6D01     		.2byte	0x16d
 696 0383 13070000 		.4byte	0x713
 697 0387 04       		.byte	0x4
 698 0388 09       		.uleb128 0x9
 699 0389 73030000 		.4byte	.LASF69
 700 038d 08       		.byte	0x8
 701 038e 6E01     		.2byte	0x16e
 702 0390 4C010000 		.4byte	0x14c
 703 0394 08       		.byte	0x8
 704 0395 09       		.uleb128 0x9
 705 0396 84070000 		.4byte	.LASF70
 706 039a 08       		.byte	0x8
 707 039b 6F01     		.2byte	0x16f
 708 039d 38030000 		.4byte	0x338
 709 03a1 0C       		.byte	0xc
 710 03a2 09       		.uleb128 0x9
 711 03a3 E8060000 		.4byte	.LASF71
 712 03a7 08       		.byte	0x8
 713 03a8 7101     		.2byte	0x171
 714 03aa 54030000 		.4byte	0x354
 715 03ae 10       		.byte	0x10
 716 03af 00       		.byte	0
 717 03b0 03       		.uleb128 0x3
 718 03b1 E7010000 		.4byte	.LASF72
 719 03b5 07       		.byte	0x7
 720 03b6 66       		.byte	0x66
 721 03b7 BB030000 		.4byte	0x3bb
 722 03bb 0B       		.uleb128 0xb
 723 03bc 35040000 		.4byte	.LASF73
 724 03c0 10       		.byte	0x10
 725 03c1 08       		.byte	0x8
 726 03c2 7B01     		.2byte	0x17b
 727 03c4 FD030000 		.4byte	0x3fd
 728 03c8 09       		.uleb128 0x9
 729 03c9 37030000 		.4byte	.LASF67
 730 03cd 08       		.byte	0x8
 731 03ce 7C01     		.2byte	0x17c
 732 03d0 13070000 		.4byte	0x713
 733 03d4 00       		.byte	0
 734 03d5 09       		.uleb128 0x9
 735 03d6 F5020000 		.4byte	.LASF68
 736 03da 08       		.byte	0x8
 737 03db 7E01     		.2byte	0x17e
 738 03dd 13070000 		.4byte	0x713
 739 03e1 04       		.byte	0x4
 740 03e2 09       		.uleb128 0x9
 741 03e3 73030000 		.4byte	.LASF69
ARM GAS  /tmp/ccQDtRWG.s 			page 14


 742 03e7 08       		.byte	0x8
 743 03e8 8001     		.2byte	0x180
 744 03ea 4C010000 		.4byte	0x14c
 745 03ee 08       		.byte	0x8
 746 03ef 09       		.uleb128 0x9
 747 03f0 4C070000 		.4byte	.LASF74
 748 03f4 08       		.byte	0x8
 749 03f5 8201     		.2byte	0x182
 750 03f7 57010000 		.4byte	0x157
 751 03fb 0C       		.byte	0xc
 752 03fc 00       		.byte	0
 753 03fd 03       		.uleb128 0x3
 754 03fe 71000000 		.4byte	.LASF75
 755 0402 07       		.byte	0x7
 756 0403 6B       		.byte	0x6b
 757 0404 08040000 		.4byte	0x408
 758 0408 0B       		.uleb128 0xb
 759 0409 FD020000 		.4byte	.LASF76
 760 040d 04       		.byte	0x4
 761 040e 08       		.byte	0x8
 762 040f A201     		.2byte	0x1a2
 763 0411 23040000 		.4byte	0x423
 764 0415 09       		.uleb128 0x9
 765 0416 C9060000 		.4byte	.LASF77
 766 041a 08       		.byte	0x8
 767 041b AA01     		.2byte	0x1aa
 768 041d 02070000 		.4byte	0x702
 769 0421 00       		.byte	0
 770 0422 00       		.byte	0
 771 0423 03       		.uleb128 0x3
 772 0424 B9030000 		.4byte	.LASF78
 773 0428 07       		.byte	0x7
 774 0429 70       		.byte	0x70
 775 042a 2E040000 		.4byte	0x42e
 776 042e 0F       		.uleb128 0xf
 777 042f A1020000 		.4byte	.LASF79
 778 0433 5802     		.2byte	0x258
 779 0435 08       		.byte	0x8
 780 0436 C201     		.2byte	0x1c2
 781 0438 8A040000 		.4byte	0x48a
 782 043c 09       		.uleb128 0x9
 783 043d 18070000 		.4byte	.LASF80
 784 0441 08       		.byte	0x8
 785 0442 C601     		.2byte	0x1c6
 786 0444 D1020000 		.4byte	0x2d1
 787 0448 00       		.byte	0
 788 0449 09       		.uleb128 0x9
 789 044a 7E020000 		.4byte	.LASF81
 790 044e 08       		.byte	0x8
 791 044f CA01     		.2byte	0x1ca
 792 0451 B0030000 		.4byte	0x3b0
 793 0455 1C       		.byte	0x1c
 794 0456 08       		.uleb128 0x8
 795 0457 64626700 		.ascii	"dbg\000"
 796 045b 08       		.byte	0x8
 797 045c CE01     		.2byte	0x1ce
 798 045e FD030000 		.4byte	0x3fd
ARM GAS  /tmp/ccQDtRWG.s 			page 15


 799 0462 2C       		.byte	0x2c
 800 0463 09       		.uleb128 0x9
 801 0464 DC010000 		.4byte	.LASF82
 802 0468 08       		.byte	0x8
 803 0469 D201     		.2byte	0x1d2
 804 046b 5C010000 		.4byte	0x15c
 805 046f 30       		.byte	0x30
 806 0470 08       		.uleb128 0x8
 807 0471 746D00   		.ascii	"tm\000"
 808 0474 08       		.byte	0x8
 809 0475 D701     		.2byte	0x1d7
 810 0477 2C060000 		.4byte	0x62c
 811 047b 78       		.byte	0x78
 812 047c 09       		.uleb128 0x9
 813 047d 15030000 		.4byte	.LASF83
 814 0481 08       		.byte	0x8
 815 0482 E301     		.2byte	0x1e3
 816 0484 19070000 		.4byte	0x719
 817 0488 80       		.byte	0x80
 818 0489 00       		.byte	0
 819 048a 10       		.uleb128 0x10
 820 048b FD010000 		.4byte	.LASF84
 821 048f 09       		.byte	0x9
 822 0490 A706     		.2byte	0x6a7
 823 0492 CE000000 		.4byte	0xce
 824 0496 11       		.uleb128 0x11
 825 0497 48030000 		.4byte	.LASF85
 826 049b 0A       		.byte	0xa
 827 049c 4C       		.byte	0x4c
 828 049d D3000000 		.4byte	0xd3
 829 04a1 03       		.uleb128 0x3
 830 04a2 EC020000 		.4byte	.LASF86
 831 04a6 0B       		.byte	0xb
 832 04a7 65       		.byte	0x65
 833 04a8 54030000 		.4byte	0x354
 834 04ac 03       		.uleb128 0x3
 835 04ad F5030000 		.4byte	.LASF87
 836 04b1 0B       		.byte	0xb
 837 04b2 6D       		.byte	0x6d
 838 04b3 DE000000 		.4byte	0xde
 839 04b7 06       		.uleb128 0x6
 840 04b8 DA060000 		.4byte	.LASF88
 841 04bc 04       		.byte	0x4
 842 04bd 0B       		.byte	0xb
 843 04be 89       		.byte	0x89
 844 04bf D0040000 		.4byte	0x4d0
 845 04c3 12       		.uleb128 0x12
 846 04c4 72313300 		.ascii	"r13\000"
 847 04c8 0B       		.byte	0xb
 848 04c9 8A       		.byte	0x8a
 849 04ca 11060000 		.4byte	0x611
 850 04ce 00       		.byte	0
 851 04cf 00       		.byte	0
 852 04d0 06       		.uleb128 0x6
 853 04d1 65000000 		.4byte	.LASF89
 854 04d5 64       		.byte	0x64
 855 04d6 0C       		.byte	0xc
ARM GAS  /tmp/ccQDtRWG.s 			page 16


 856 04d7 F4       		.byte	0xf4
 857 04d8 11060000 		.4byte	0x611
 858 04dc 12       		.uleb128 0x12
 859 04dd 73313600 		.ascii	"s16\000"
 860 04e1 0C       		.byte	0xc
 861 04e2 F6       		.byte	0xf6
 862 04e3 A1040000 		.4byte	0x4a1
 863 04e7 00       		.byte	0
 864 04e8 12       		.uleb128 0x12
 865 04e9 73313700 		.ascii	"s17\000"
 866 04ed 0C       		.byte	0xc
 867 04ee F7       		.byte	0xf7
 868 04ef A1040000 		.4byte	0x4a1
 869 04f3 04       		.byte	0x4
 870 04f4 12       		.uleb128 0x12
 871 04f5 73313800 		.ascii	"s18\000"
 872 04f9 0C       		.byte	0xc
 873 04fa F8       		.byte	0xf8
 874 04fb A1040000 		.4byte	0x4a1
 875 04ff 08       		.byte	0x8
 876 0500 12       		.uleb128 0x12
 877 0501 73313900 		.ascii	"s19\000"
 878 0505 0C       		.byte	0xc
 879 0506 F9       		.byte	0xf9
 880 0507 A1040000 		.4byte	0x4a1
 881 050b 0C       		.byte	0xc
 882 050c 12       		.uleb128 0x12
 883 050d 73323000 		.ascii	"s20\000"
 884 0511 0C       		.byte	0xc
 885 0512 FA       		.byte	0xfa
 886 0513 A1040000 		.4byte	0x4a1
 887 0517 10       		.byte	0x10
 888 0518 12       		.uleb128 0x12
 889 0519 73323100 		.ascii	"s21\000"
 890 051d 0C       		.byte	0xc
 891 051e FB       		.byte	0xfb
 892 051f A1040000 		.4byte	0x4a1
 893 0523 14       		.byte	0x14
 894 0524 12       		.uleb128 0x12
 895 0525 73323200 		.ascii	"s22\000"
 896 0529 0C       		.byte	0xc
 897 052a FC       		.byte	0xfc
 898 052b A1040000 		.4byte	0x4a1
 899 052f 18       		.byte	0x18
 900 0530 12       		.uleb128 0x12
 901 0531 73323300 		.ascii	"s23\000"
 902 0535 0C       		.byte	0xc
 903 0536 FD       		.byte	0xfd
 904 0537 A1040000 		.4byte	0x4a1
 905 053b 1C       		.byte	0x1c
 906 053c 12       		.uleb128 0x12
 907 053d 73323400 		.ascii	"s24\000"
 908 0541 0C       		.byte	0xc
 909 0542 FE       		.byte	0xfe
 910 0543 A1040000 		.4byte	0x4a1
 911 0547 20       		.byte	0x20
 912 0548 12       		.uleb128 0x12
ARM GAS  /tmp/ccQDtRWG.s 			page 17


 913 0549 73323500 		.ascii	"s25\000"
 914 054d 0C       		.byte	0xc
 915 054e FF       		.byte	0xff
 916 054f A1040000 		.4byte	0x4a1
 917 0553 24       		.byte	0x24
 918 0554 08       		.uleb128 0x8
 919 0555 73323600 		.ascii	"s26\000"
 920 0559 0C       		.byte	0xc
 921 055a 0001     		.2byte	0x100
 922 055c A1040000 		.4byte	0x4a1
 923 0560 28       		.byte	0x28
 924 0561 08       		.uleb128 0x8
 925 0562 73323700 		.ascii	"s27\000"
 926 0566 0C       		.byte	0xc
 927 0567 0101     		.2byte	0x101
 928 0569 A1040000 		.4byte	0x4a1
 929 056d 2C       		.byte	0x2c
 930 056e 08       		.uleb128 0x8
 931 056f 73323800 		.ascii	"s28\000"
 932 0573 0C       		.byte	0xc
 933 0574 0201     		.2byte	0x102
 934 0576 A1040000 		.4byte	0x4a1
 935 057a 30       		.byte	0x30
 936 057b 08       		.uleb128 0x8
 937 057c 73323900 		.ascii	"s29\000"
 938 0580 0C       		.byte	0xc
 939 0581 0301     		.2byte	0x103
 940 0583 A1040000 		.4byte	0x4a1
 941 0587 34       		.byte	0x34
 942 0588 08       		.uleb128 0x8
 943 0589 73333000 		.ascii	"s30\000"
 944 058d 0C       		.byte	0xc
 945 058e 0401     		.2byte	0x104
 946 0590 A1040000 		.4byte	0x4a1
 947 0594 38       		.byte	0x38
 948 0595 08       		.uleb128 0x8
 949 0596 73333100 		.ascii	"s31\000"
 950 059a 0C       		.byte	0xc
 951 059b 0501     		.2byte	0x105
 952 059d A1040000 		.4byte	0x4a1
 953 05a1 3C       		.byte	0x3c
 954 05a2 08       		.uleb128 0x8
 955 05a3 723400   		.ascii	"r4\000"
 956 05a6 0C       		.byte	0xc
 957 05a7 0701     		.2byte	0x107
 958 05a9 A1040000 		.4byte	0x4a1
 959 05ad 40       		.byte	0x40
 960 05ae 08       		.uleb128 0x8
 961 05af 723500   		.ascii	"r5\000"
 962 05b2 0C       		.byte	0xc
 963 05b3 0801     		.2byte	0x108
 964 05b5 A1040000 		.4byte	0x4a1
 965 05b9 44       		.byte	0x44
 966 05ba 08       		.uleb128 0x8
 967 05bb 723600   		.ascii	"r6\000"
 968 05be 0C       		.byte	0xc
 969 05bf 0901     		.2byte	0x109
ARM GAS  /tmp/ccQDtRWG.s 			page 18


 970 05c1 A1040000 		.4byte	0x4a1
 971 05c5 48       		.byte	0x48
 972 05c6 08       		.uleb128 0x8
 973 05c7 723700   		.ascii	"r7\000"
 974 05ca 0C       		.byte	0xc
 975 05cb 0A01     		.2byte	0x10a
 976 05cd A1040000 		.4byte	0x4a1
 977 05d1 4C       		.byte	0x4c
 978 05d2 08       		.uleb128 0x8
 979 05d3 723800   		.ascii	"r8\000"
 980 05d6 0C       		.byte	0xc
 981 05d7 0B01     		.2byte	0x10b
 982 05d9 A1040000 		.4byte	0x4a1
 983 05dd 50       		.byte	0x50
 984 05de 08       		.uleb128 0x8
 985 05df 723900   		.ascii	"r9\000"
 986 05e2 0C       		.byte	0xc
 987 05e3 0C01     		.2byte	0x10c
 988 05e5 A1040000 		.4byte	0x4a1
 989 05e9 54       		.byte	0x54
 990 05ea 08       		.uleb128 0x8
 991 05eb 72313000 		.ascii	"r10\000"
 992 05ef 0C       		.byte	0xc
 993 05f0 0D01     		.2byte	0x10d
 994 05f2 A1040000 		.4byte	0x4a1
 995 05f6 58       		.byte	0x58
 996 05f7 08       		.uleb128 0x8
 997 05f8 72313100 		.ascii	"r11\000"
 998 05fc 0C       		.byte	0xc
 999 05fd 0E01     		.2byte	0x10e
 1000 05ff A1040000 		.4byte	0x4a1
 1001 0603 5C       		.byte	0x5c
 1002 0604 08       		.uleb128 0x8
 1003 0605 6C7200   		.ascii	"lr\000"
 1004 0608 0C       		.byte	0xc
 1005 0609 0F01     		.2byte	0x10f
 1006 060b A1040000 		.4byte	0x4a1
 1007 060f 60       		.byte	0x60
 1008 0610 00       		.byte	0
 1009 0611 0A       		.uleb128 0xa
 1010 0612 04       		.byte	0x4
 1011 0613 D0040000 		.4byte	0x4d0
 1012 0617 13       		.uleb128 0x13
 1013 0618 04       		.byte	0x4
 1014 0619 0D       		.byte	0xd
 1015 061a 38       		.byte	0x38
 1016 061b 2C060000 		.4byte	0x62c
 1017 061f 07       		.uleb128 0x7
 1018 0620 D3060000 		.4byte	.LASF90
 1019 0624 0D       		.byte	0xd
 1020 0625 3C       		.byte	0x3c
 1021 0626 E9000000 		.4byte	0xe9
 1022 062a 00       		.byte	0
 1023 062b 00       		.byte	0
 1024 062c 03       		.uleb128 0x3
 1025 062d 78040000 		.4byte	.LASF91
 1026 0631 0D       		.byte	0xd
ARM GAS  /tmp/ccQDtRWG.s 			page 19


 1027 0632 3D       		.byte	0x3d
 1028 0633 17060000 		.4byte	0x617
 1029 0637 14       		.uleb128 0x14
 1030 0638 04       		.byte	0x4
 1031 0639 08       		.byte	0x8
 1032 063a FA       		.byte	0xfa
 1033 063b 94060000 		.4byte	0x694
 1034 063f 15       		.uleb128 0x15
 1035 0640 1B000000 		.4byte	.LASF92
 1036 0644 08       		.byte	0x8
 1037 0645 0101     		.2byte	0x101
 1038 0647 2B010000 		.4byte	0x12b
 1039 064b 15       		.uleb128 0x15
 1040 064c D3010000 		.4byte	.LASF93
 1041 0650 08       		.byte	0x8
 1042 0651 0801     		.2byte	0x108
 1043 0653 2B010000 		.4byte	0x12b
 1044 0657 15       		.uleb128 0x15
 1045 0658 39070000 		.4byte	.LASF94
 1046 065c 08       		.byte	0x8
 1047 065d 0F01     		.2byte	0x10f
 1048 065f 54030000 		.4byte	0x354
 1049 0663 15       		.uleb128 0x15
 1050 0664 9B020000 		.4byte	.LASF95
 1051 0668 08       		.byte	0x8
 1052 0669 1601     		.2byte	0x116
 1053 066b 94060000 		.4byte	0x694
 1054 066f 15       		.uleb128 0x15
 1055 0670 5F030000 		.4byte	.LASF96
 1056 0674 08       		.byte	0x8
 1057 0675 1E01     		.2byte	0x11e
 1058 0677 BF060000 		.4byte	0x6bf
 1059 067b 15       		.uleb128 0x15
 1060 067c 76060000 		.4byte	.LASF97
 1061 0680 08       		.byte	0x8
 1062 0681 2701     		.2byte	0x127
 1063 0683 F6060000 		.4byte	0x6f6
 1064 0687 15       		.uleb128 0x15
 1065 0688 A4050000 		.4byte	.LASF98
 1066 068c 08       		.byte	0x8
 1067 068d 2F01     		.2byte	0x12f
 1068 068f 36010000 		.4byte	0x136
 1069 0693 00       		.byte	0
 1070 0694 0A       		.uleb128 0xa
 1071 0695 04       		.byte	0x4
 1072 0696 6C020000 		.4byte	0x26c
 1073 069a 06       		.uleb128 0x6
 1074 069b 12060000 		.4byte	.LASF99
 1075 069f 0C       		.byte	0xc
 1076 06a0 0E       		.byte	0xe
 1077 06a1 34       		.byte	0x34
 1078 06a2 BF060000 		.4byte	0x6bf
 1079 06a6 07       		.uleb128 0x7
 1080 06a7 CF020000 		.4byte	.LASF100
 1081 06ab 0E       		.byte	0xe
 1082 06ac 35       		.byte	0x35
 1083 06ad A1020000 		.4byte	0x2a1
ARM GAS  /tmp/ccQDtRWG.s 			page 20


 1084 06b1 00       		.byte	0
 1085 06b2 07       		.uleb128 0x7
 1086 06b3 90030000 		.4byte	.LASF101
 1087 06b7 0E       		.byte	0xe
 1088 06b8 37       		.byte	0x37
 1089 06b9 41010000 		.4byte	0x141
 1090 06bd 08       		.byte	0x8
 1091 06be 00       		.byte	0
 1092 06bf 0A       		.uleb128 0xa
 1093 06c0 04       		.byte	0x4
 1094 06c1 9A060000 		.4byte	0x69a
 1095 06c5 06       		.uleb128 0x6
 1096 06c6 08070000 		.4byte	.LASF102
 1097 06ca 10       		.byte	0x10
 1098 06cb 0F       		.byte	0xf
 1099 06cc 39       		.byte	0x39
 1100 06cd F6060000 		.4byte	0x6f6
 1101 06d1 07       		.uleb128 0x7
 1102 06d2 76020000 		.4byte	.LASF103
 1103 06d6 0F       		.byte	0xf
 1104 06d7 3A       		.byte	0x3a
 1105 06d8 A1020000 		.4byte	0x2a1
 1106 06dc 00       		.byte	0
 1107 06dd 07       		.uleb128 0x7
 1108 06de 6E070000 		.4byte	.LASF104
 1109 06e2 0F       		.byte	0xf
 1110 06e3 3C       		.byte	0x3c
 1111 06e4 77020000 		.4byte	0x277
 1112 06e8 08       		.byte	0x8
 1113 06e9 07       		.uleb128 0x7
 1114 06ea 99060000 		.4byte	.LASF105
 1115 06ee 0F       		.byte	0xf
 1116 06ef 3E       		.byte	0x3e
 1117 06f0 4B080000 		.4byte	0x84b
 1118 06f4 0C       		.byte	0xc
 1119 06f5 00       		.byte	0
 1120 06f6 0A       		.uleb128 0xa
 1121 06f7 04       		.byte	0x4
 1122 06f8 C5060000 		.4byte	0x6c5
 1123 06fc 0A       		.uleb128 0xa
 1124 06fd 04       		.byte	0x4
 1125 06fe 0E070000 		.4byte	0x70e
 1126 0702 05       		.uleb128 0x5
 1127 0703 FC060000 		.4byte	0x6fc
 1128 0707 04       		.uleb128 0x4
 1129 0708 01       		.byte	0x1
 1130 0709 08       		.byte	0x8
 1131 070a 71060000 		.4byte	.LASF106
 1132 070e 16       		.uleb128 0x16
 1133 070f 07070000 		.4byte	0x707
 1134 0713 0A       		.uleb128 0xa
 1135 0714 04       		.byte	0x4
 1136 0715 56030000 		.4byte	0x356
 1137 0719 17       		.uleb128 0x17
 1138 071a AC040000 		.4byte	0x4ac
 1139 071e 29070000 		.4byte	0x729
 1140 0722 18       		.uleb128 0x18
ARM GAS  /tmp/ccQDtRWG.s 			page 21


 1141 0723 37000000 		.4byte	0x37
 1142 0727 3A       		.byte	0x3a
 1143 0728 00       		.byte	0
 1144 0729 19       		.uleb128 0x19
 1145 072a 636800   		.ascii	"ch\000"
 1146 072d 08       		.byte	0x8
 1147 072e 0902     		.2byte	0x209
 1148 0730 23040000 		.4byte	0x423
 1149 0734 13       		.uleb128 0x13
 1150 0735 16       		.byte	0x16
 1151 0736 10       		.byte	0x10
 1152 0737 34       		.byte	0x34
 1153 0738 15080000 		.4byte	0x815
 1154 073c 07       		.uleb128 0x7
 1155 073d 76070000 		.4byte	.LASF107
 1156 0741 10       		.byte	0x10
 1157 0742 35       		.byte	0x35
 1158 0743 15080000 		.4byte	0x815
 1159 0747 00       		.byte	0
 1160 0748 07       		.uleb128 0x7
 1161 0749 0F040000 		.4byte	.LASF108
 1162 074d 10       		.byte	0x10
 1163 074e 36       		.byte	0x36
 1164 074f AD000000 		.4byte	0xad
 1165 0753 04       		.byte	0x4
 1166 0754 07       		.uleb128 0x7
 1167 0755 57060000 		.4byte	.LASF109
 1168 0759 10       		.byte	0x10
 1169 075a 37       		.byte	0x37
 1170 075b AD000000 		.4byte	0xad
 1171 075f 05       		.byte	0x5
 1172 0760 07       		.uleb128 0x7
 1173 0761 63070000 		.4byte	.LASF110
 1174 0765 10       		.byte	0x10
 1175 0766 38       		.byte	0x38
 1176 0767 B8000000 		.4byte	0xb8
 1177 076b 06       		.byte	0x6
 1178 076c 07       		.uleb128 0x7
 1179 076d C1040000 		.4byte	.LASF111
 1180 0771 10       		.byte	0x10
 1181 0772 39       		.byte	0x39
 1182 0773 AD000000 		.4byte	0xad
 1183 0777 08       		.byte	0x8
 1184 0778 07       		.uleb128 0x7
 1185 0779 4C040000 		.4byte	.LASF112
 1186 077d 10       		.byte	0x10
 1187 077e 3A       		.byte	0x3a
 1188 077f AD000000 		.4byte	0xad
 1189 0783 09       		.byte	0x9
 1190 0784 07       		.uleb128 0x7
 1191 0785 C5010000 		.4byte	.LASF113
 1192 0789 10       		.byte	0x10
 1193 078a 3B       		.byte	0x3b
 1194 078b AD000000 		.4byte	0xad
 1195 078f 0A       		.byte	0xa
 1196 0790 07       		.uleb128 0x7
 1197 0791 33060000 		.4byte	.LASF114
ARM GAS  /tmp/ccQDtRWG.s 			page 22


 1198 0795 10       		.byte	0x10
 1199 0796 3C       		.byte	0x3c
 1200 0797 AD000000 		.4byte	0xad
 1201 079b 0B       		.byte	0xb
 1202 079c 07       		.uleb128 0x7
 1203 079d FD060000 		.4byte	.LASF115
 1204 07a1 10       		.byte	0x10
 1205 07a2 3D       		.byte	0x3d
 1206 07a3 AD000000 		.4byte	0xad
 1207 07a7 0C       		.byte	0xc
 1208 07a8 07       		.uleb128 0x7
 1209 07a9 05060000 		.4byte	.LASF116
 1210 07ad 10       		.byte	0x10
 1211 07ae 3E       		.byte	0x3e
 1212 07af AD000000 		.4byte	0xad
 1213 07b3 0D       		.byte	0xd
 1214 07b4 07       		.uleb128 0x7
 1215 07b5 66030000 		.4byte	.LASF117
 1216 07b9 10       		.byte	0x10
 1217 07ba 3F       		.byte	0x3f
 1218 07bb AD000000 		.4byte	0xad
 1219 07bf 0E       		.byte	0xe
 1220 07c0 07       		.uleb128 0x7
 1221 07c1 58040000 		.4byte	.LASF118
 1222 07c5 10       		.byte	0x10
 1223 07c6 40       		.byte	0x40
 1224 07c7 AD000000 		.4byte	0xad
 1225 07cb 0F       		.byte	0xf
 1226 07cc 07       		.uleb128 0x7
 1227 07cd 51020000 		.4byte	.LASF119
 1228 07d1 10       		.byte	0x10
 1229 07d2 41       		.byte	0x41
 1230 07d3 AD000000 		.4byte	0xad
 1231 07d7 10       		.byte	0x10
 1232 07d8 07       		.uleb128 0x7
 1233 07d9 22020000 		.4byte	.LASF120
 1234 07dd 10       		.byte	0x10
 1235 07de 43       		.byte	0x43
 1236 07df AD000000 		.4byte	0xad
 1237 07e3 11       		.byte	0x11
 1238 07e4 07       		.uleb128 0x7
 1239 07e5 61020000 		.4byte	.LASF121
 1240 07e9 10       		.byte	0x10
 1241 07ea 44       		.byte	0x44
 1242 07eb AD000000 		.4byte	0xad
 1243 07ef 12       		.byte	0x12
 1244 07f0 07       		.uleb128 0x7
 1245 07f1 17040000 		.4byte	.LASF122
 1246 07f5 10       		.byte	0x10
 1247 07f6 45       		.byte	0x45
 1248 07f7 AD000000 		.4byte	0xad
 1249 07fb 13       		.byte	0x13
 1250 07fc 07       		.uleb128 0x7
 1251 07fd BA050000 		.4byte	.LASF123
 1252 0801 10       		.byte	0x10
 1253 0802 46       		.byte	0x46
 1254 0803 AD000000 		.4byte	0xad
ARM GAS  /tmp/ccQDtRWG.s 			page 23


 1255 0807 14       		.byte	0x14
 1256 0808 07       		.uleb128 0x7
 1257 0809 C5030000 		.4byte	.LASF124
 1258 080d 10       		.byte	0x10
 1259 080e 48       		.byte	0x48
 1260 080f AD000000 		.4byte	0xad
 1261 0813 15       		.byte	0x15
 1262 0814 00       		.byte	0
 1263 0815 17       		.uleb128 0x17
 1264 0816 07070000 		.4byte	0x707
 1265 081a 25080000 		.4byte	0x825
 1266 081e 18       		.uleb128 0x18
 1267 081f 37000000 		.4byte	0x37
 1268 0823 03       		.byte	0x3
 1269 0824 00       		.byte	0
 1270 0825 03       		.uleb128 0x3
 1271 0826 BD020000 		.4byte	.LASF125
 1272 082a 10       		.byte	0x10
 1273 082b 49       		.byte	0x49
 1274 082c 34070000 		.4byte	0x734
 1275 0830 16       		.uleb128 0x16
 1276 0831 25080000 		.4byte	0x825
 1277 0835 11       		.uleb128 0x11
 1278 0836 87030000 		.4byte	.LASF126
 1279 083a 10       		.byte	0x10
 1280 083b 6E       		.byte	0x6e
 1281 083c 30080000 		.4byte	0x830
 1282 0840 03       		.uleb128 0x3
 1283 0841 0D030000 		.4byte	.LASF127
 1284 0845 0F       		.byte	0xf
 1285 0846 34       		.byte	0x34
 1286 0847 C5060000 		.4byte	0x6c5
 1287 084b 0A       		.uleb128 0xa
 1288 084c 04       		.byte	0x4
 1289 084d 40080000 		.4byte	0x840
 1290 0851 0A       		.uleb128 0xa
 1291 0852 04       		.byte	0x4
 1292 0853 AD000000 		.4byte	0xad
 1293 0857 1A       		.uleb128 0x1a
 1294 0858 91060000 		.4byte	.LASF128
 1295 085c 01       		.byte	0x1
 1296 085d 3E       		.byte	0x3e
 1297 085e 51080000 		.4byte	0x851
 1298 0862 05       		.uleb128 0x5
 1299 0863 03       		.byte	0x3
 1300 0864 00000000 		.4byte	nextmem
 1301 0868 1A       		.uleb128 0x1a
 1302 0869 00000000 		.4byte	.LASF129
 1303 086d 01       		.byte	0x1
 1304 086e 3F       		.byte	0x3f
 1305 086f 51080000 		.4byte	0x851
 1306 0873 05       		.uleb128 0x5
 1307 0874 03       		.byte	0x3
 1308 0875 00000000 		.4byte	endmem
 1309 0879 1B       		.uleb128 0x1b
 1310 087a EB040000 		.4byte	.LASF141
 1311 087e 01       		.byte	0x1
ARM GAS  /tmp/ccQDtRWG.s 			page 24


 1312 087f 9B       		.byte	0x9b
 1313 0880 2C000000 		.4byte	0x2c
 1314 0884 00000000 		.4byte	.LFB222
 1315 0888 14000000 		.4byte	.LFE222-.LFB222
 1316 088c 01       		.uleb128 0x1
 1317 088d 9C       		.byte	0x9c
 1318 088e 1C       		.uleb128 0x1c
 1319 088f D7020000 		.4byte	.LASF142
 1320 0893 01       		.byte	0x1
 1321 0894 83       		.byte	0x83
 1322 0895 54030000 		.4byte	0x354
 1323 0899 01       		.byte	0x1
 1324 089a B3080000 		.4byte	0x8b3
 1325 089e 1D       		.uleb128 0x1d
 1326 089f 47070000 		.4byte	.LASF143
 1327 08a3 01       		.byte	0x1
 1328 08a4 83       		.byte	0x83
 1329 08a5 2C000000 		.4byte	0x2c
 1330 08a9 1E       		.uleb128 0x1e
 1331 08aa 7000     		.ascii	"p\000"
 1332 08ac 01       		.byte	0x1
 1333 08ad 84       		.byte	0x84
 1334 08ae 54030000 		.4byte	0x354
 1335 08b2 00       		.byte	0
 1336 08b3 1F       		.uleb128 0x1f
 1337 08b4 2B000000 		.4byte	.LASF144
 1338 08b8 01       		.byte	0x1
 1339 08b9 6D       		.byte	0x6d
 1340 08ba 54030000 		.4byte	0x354
 1341 08be 00000000 		.4byte	.LFB220
 1342 08c2 2C000000 		.4byte	.LFE220-.LFB220
 1343 08c6 01       		.uleb128 0x1
 1344 08c7 9C       		.byte	0x9c
 1345 08c8 85090000 		.4byte	0x985
 1346 08cc 20       		.uleb128 0x20
 1347 08cd 47070000 		.4byte	.LASF143
 1348 08d1 01       		.byte	0x1
 1349 08d2 6D       		.byte	0x6d
 1350 08d3 2C000000 		.4byte	0x2c
 1351 08d7 00000000 		.4byte	.LLST0
 1352 08db 1E       		.uleb128 0x1e
 1353 08dc 7000     		.ascii	"p\000"
 1354 08de 01       		.byte	0x1
 1355 08df 6E       		.byte	0x6e
 1356 08e0 54030000 		.4byte	0x354
 1357 08e4 21       		.uleb128 0x21
 1358 08e5 EC090000 		.4byte	0x9ec
 1359 08e9 02000000 		.4byte	.LBB26
 1360 08ed 02000000 		.4byte	.LBE26-.LBB26
 1361 08f1 01       		.byte	0x1
 1362 08f2 70       		.byte	0x70
 1363 08f3 19090000 		.4byte	0x919
 1364 08f7 22       		.uleb128 0x22
 1365 08f8 FE090000 		.4byte	0x9fe
 1366 08fc 02000000 		.4byte	.LBB27
 1367 0900 02000000 		.4byte	.LBE27-.LBB27
 1368 0904 11       		.byte	0x11
ARM GAS  /tmp/ccQDtRWG.s 			page 25


 1369 0905 5C01     		.2byte	0x15c
 1370 0907 23       		.uleb128 0x23
 1371 0908 070A0000 		.4byte	0xa07
 1372 090c 02000000 		.4byte	.LBB28
 1373 0910 02000000 		.4byte	.LBE28-.LBB28
 1374 0914 0C       		.byte	0xc
 1375 0915 C101     		.2byte	0x1c1
 1376 0917 00       		.byte	0
 1377 0918 00       		.byte	0
 1378 0919 21       		.uleb128 0x21
 1379 091a 8E080000 		.4byte	0x88e
 1380 091e 04000000 		.4byte	.LBB30
 1381 0922 1A000000 		.4byte	.LBE30-.LBB30
 1382 0926 01       		.byte	0x1
 1383 0927 71       		.byte	0x71
 1384 0928 49090000 		.4byte	0x949
 1385 092c 24       		.uleb128 0x24
 1386 092d 9E080000 		.4byte	0x89e
 1387 0931 39000000 		.4byte	.LLST1
 1388 0935 25       		.uleb128 0x25
 1389 0936 04000000 		.4byte	.LBB31
 1390 093a 1A000000 		.4byte	.LBE31-.LBB31
 1391 093e 26       		.uleb128 0x26
 1392 093f A9080000 		.4byte	0x8a9
 1393 0943 82000000 		.4byte	.LLST2
 1394 0947 00       		.byte	0
 1395 0948 00       		.byte	0
 1396 0949 27       		.uleb128 0x27
 1397 094a BC090000 		.4byte	0x9bc
 1398 094e 1E000000 		.4byte	.LBB32
 1399 0952 02000000 		.4byte	.LBE32-.LBB32
 1400 0956 01       		.byte	0x1
 1401 0957 72       		.byte	0x72
 1402 0958 25       		.uleb128 0x25
 1403 0959 1E000000 		.4byte	.LBB33
 1404 095d 02000000 		.4byte	.LBE33-.LBB33
 1405 0961 22       		.uleb128 0x22
 1406 0962 F5090000 		.4byte	0x9f5
 1407 0966 1E000000 		.4byte	.LBB34
 1408 096a 02000000 		.4byte	.LBE34-.LBB34
 1409 096e 11       		.byte	0x11
 1410 096f 7301     		.2byte	0x173
 1411 0971 23       		.uleb128 0x23
 1412 0972 100A0000 		.4byte	0xa10
 1413 0976 1E000000 		.4byte	.LBB35
 1414 097a 02000000 		.4byte	.LBE35-.LBB35
 1415 097e 0C       		.byte	0xc
 1416 097f CF01     		.2byte	0x1cf
 1417 0981 00       		.byte	0
 1418 0982 00       		.byte	0
 1419 0983 00       		.byte	0
 1420 0984 00       		.byte	0
 1421 0985 28       		.uleb128 0x28
 1422 0986 5F050000 		.4byte	.LASF145
 1423 098a 01       		.byte	0x1
 1424 098b 4E       		.byte	0x4e
 1425 098c 00000000 		.4byte	.LFB219
ARM GAS  /tmp/ccQDtRWG.s 			page 26


 1426 0990 28000000 		.4byte	.LFE219-.LFB219
 1427 0994 01       		.uleb128 0x1
 1428 0995 9C       		.byte	0x9c
 1429 0996 B1090000 		.4byte	0x9b1
 1430 099a 11       		.uleb128 0x11
 1431 099b EF060000 		.4byte	.LASF130
 1432 099f 01       		.byte	0x1
 1433 09a0 50       		.byte	0x50
 1434 09a1 B1090000 		.4byte	0x9b1
 1435 09a5 11       		.uleb128 0x11
 1436 09a6 90050000 		.4byte	.LASF131
 1437 09aa 01       		.byte	0x1
 1438 09ab 51       		.byte	0x51
 1439 09ac B1090000 		.4byte	0x9b1
 1440 09b0 00       		.byte	0
 1441 09b1 17       		.uleb128 0x17
 1442 09b2 AD000000 		.4byte	0xad
 1443 09b6 BC090000 		.4byte	0x9bc
 1444 09ba 29       		.uleb128 0x29
 1445 09bb 00       		.byte	0
 1446 09bc 2A       		.uleb128 0x2a
 1447 09bd 57070000 		.4byte	.LASF146
 1448 09c1 11       		.byte	0x11
 1449 09c2 6601     		.2byte	0x166
 1450 09c4 03       		.byte	0x3
 1451 09c5 D7090000 		.4byte	0x9d7
 1452 09c9 2B       		.uleb128 0x2b
 1453 09ca D1050000 		.4byte	.LASF132
 1454 09ce E7090000 		.4byte	0x9e7
 1455 09d2 57070000 		.4byte	.LASF146
 1456 09d6 00       		.byte	0
 1457 09d7 17       		.uleb128 0x17
 1458 09d8 0E070000 		.4byte	0x70e
 1459 09dc E7090000 		.4byte	0x9e7
 1460 09e0 18       		.uleb128 0x18
 1461 09e1 37000000 		.4byte	0x37
 1462 09e5 0B       		.byte	0xb
 1463 09e6 00       		.byte	0
 1464 09e7 16       		.uleb128 0x16
 1465 09e8 D7090000 		.4byte	0x9d7
 1466 09ec 2C       		.uleb128 0x2c
 1467 09ed DA050000 		.4byte	.LASF133
 1468 09f1 11       		.byte	0x11
 1469 09f2 5A01     		.2byte	0x15a
 1470 09f4 03       		.byte	0x3
 1471 09f5 2C       		.uleb128 0x2c
 1472 09f6 85020000 		.4byte	.LASF134
 1473 09fa 0C       		.byte	0xc
 1474 09fb CA01     		.2byte	0x1ca
 1475 09fd 03       		.byte	0x3
 1476 09fe 2C       		.uleb128 0x2c
 1477 09ff A4010000 		.4byte	.LASF135
 1478 0a03 0C       		.byte	0xc
 1479 0a04 BC01     		.2byte	0x1bc
 1480 0a06 03       		.byte	0x3
 1481 0a07 2C       		.uleb128 0x2c
 1482 0a08 B3040000 		.4byte	.LASF136
ARM GAS  /tmp/ccQDtRWG.s 			page 27


 1483 0a0c 02       		.byte	0x2
 1484 0a0d 5401     		.2byte	0x154
 1485 0a0f 03       		.byte	0x3
 1486 0a10 2C       		.uleb128 0x2c
 1487 0a11 9B040000 		.4byte	.LASF137
 1488 0a15 02       		.byte	0x2
 1489 0a16 4901     		.2byte	0x149
 1490 0a18 03       		.byte	0x3
 1491 0a19 2D       		.uleb128 0x2d
 1492 0a1a 8E080000 		.4byte	0x88e
 1493 0a1e 00000000 		.4byte	.LFB221
 1494 0a22 28000000 		.4byte	.LFE221-.LFB221
 1495 0a26 01       		.uleb128 0x1
 1496 0a27 9C       		.byte	0x9c
 1497 0a28 24       		.uleb128 0x24
 1498 0a29 9E080000 		.4byte	0x89e
 1499 0a2d 95000000 		.4byte	.LLST3
 1500 0a31 26       		.uleb128 0x26
 1501 0a32 A9080000 		.4byte	0x8a9
 1502 0a36 D3000000 		.4byte	.LLST4
 1503 0a3a 00       		.byte	0
 1504 0a3b 00       		.byte	0
 1505              		.section	.debug_abbrev,"",%progbits
 1506              	.Ldebug_abbrev0:
 1507 0000 01       		.uleb128 0x1
 1508 0001 11       		.uleb128 0x11
 1509 0002 01       		.byte	0x1
 1510 0003 25       		.uleb128 0x25
 1511 0004 0E       		.uleb128 0xe
 1512 0005 13       		.uleb128 0x13
 1513 0006 0B       		.uleb128 0xb
 1514 0007 03       		.uleb128 0x3
 1515 0008 0E       		.uleb128 0xe
 1516 0009 1B       		.uleb128 0x1b
 1517 000a 0E       		.uleb128 0xe
 1518 000b 55       		.uleb128 0x55
 1519 000c 17       		.uleb128 0x17
 1520 000d 11       		.uleb128 0x11
 1521 000e 01       		.uleb128 0x1
 1522 000f 10       		.uleb128 0x10
 1523 0010 17       		.uleb128 0x17
 1524 0011 00       		.byte	0
 1525 0012 00       		.byte	0
 1526 0013 02       		.uleb128 0x2
 1527 0014 24       		.uleb128 0x24
 1528 0015 00       		.byte	0
 1529 0016 0B       		.uleb128 0xb
 1530 0017 0B       		.uleb128 0xb
 1531 0018 3E       		.uleb128 0x3e
 1532 0019 0B       		.uleb128 0xb
 1533 001a 03       		.uleb128 0x3
 1534 001b 08       		.uleb128 0x8
 1535 001c 00       		.byte	0
 1536 001d 00       		.byte	0
 1537 001e 03       		.uleb128 0x3
 1538 001f 16       		.uleb128 0x16
 1539 0020 00       		.byte	0
ARM GAS  /tmp/ccQDtRWG.s 			page 28


 1540 0021 03       		.uleb128 0x3
 1541 0022 0E       		.uleb128 0xe
 1542 0023 3A       		.uleb128 0x3a
 1543 0024 0B       		.uleb128 0xb
 1544 0025 3B       		.uleb128 0x3b
 1545 0026 0B       		.uleb128 0xb
 1546 0027 49       		.uleb128 0x49
 1547 0028 13       		.uleb128 0x13
 1548 0029 00       		.byte	0
 1549 002a 00       		.byte	0
 1550 002b 04       		.uleb128 0x4
 1551 002c 24       		.uleb128 0x24
 1552 002d 00       		.byte	0
 1553 002e 0B       		.uleb128 0xb
 1554 002f 0B       		.uleb128 0xb
 1555 0030 3E       		.uleb128 0x3e
 1556 0031 0B       		.uleb128 0xb
 1557 0032 03       		.uleb128 0x3
 1558 0033 0E       		.uleb128 0xe
 1559 0034 00       		.byte	0
 1560 0035 00       		.byte	0
 1561 0036 05       		.uleb128 0x5
 1562 0037 35       		.uleb128 0x35
 1563 0038 00       		.byte	0
 1564 0039 49       		.uleb128 0x49
 1565 003a 13       		.uleb128 0x13
 1566 003b 00       		.byte	0
 1567 003c 00       		.byte	0
 1568 003d 06       		.uleb128 0x6
 1569 003e 13       		.uleb128 0x13
 1570 003f 01       		.byte	0x1
 1571 0040 03       		.uleb128 0x3
 1572 0041 0E       		.uleb128 0xe
 1573 0042 0B       		.uleb128 0xb
 1574 0043 0B       		.uleb128 0xb
 1575 0044 3A       		.uleb128 0x3a
 1576 0045 0B       		.uleb128 0xb
 1577 0046 3B       		.uleb128 0x3b
 1578 0047 0B       		.uleb128 0xb
 1579 0048 01       		.uleb128 0x1
 1580 0049 13       		.uleb128 0x13
 1581 004a 00       		.byte	0
 1582 004b 00       		.byte	0
 1583 004c 07       		.uleb128 0x7
 1584 004d 0D       		.uleb128 0xd
 1585 004e 00       		.byte	0
 1586 004f 03       		.uleb128 0x3
 1587 0050 0E       		.uleb128 0xe
 1588 0051 3A       		.uleb128 0x3a
 1589 0052 0B       		.uleb128 0xb
 1590 0053 3B       		.uleb128 0x3b
 1591 0054 0B       		.uleb128 0xb
 1592 0055 49       		.uleb128 0x49
 1593 0056 13       		.uleb128 0x13
 1594 0057 38       		.uleb128 0x38
 1595 0058 0B       		.uleb128 0xb
 1596 0059 00       		.byte	0
ARM GAS  /tmp/ccQDtRWG.s 			page 29


 1597 005a 00       		.byte	0
 1598 005b 08       		.uleb128 0x8
 1599 005c 0D       		.uleb128 0xd
 1600 005d 00       		.byte	0
 1601 005e 03       		.uleb128 0x3
 1602 005f 08       		.uleb128 0x8
 1603 0060 3A       		.uleb128 0x3a
 1604 0061 0B       		.uleb128 0xb
 1605 0062 3B       		.uleb128 0x3b
 1606 0063 05       		.uleb128 0x5
 1607 0064 49       		.uleb128 0x49
 1608 0065 13       		.uleb128 0x13
 1609 0066 38       		.uleb128 0x38
 1610 0067 0B       		.uleb128 0xb
 1611 0068 00       		.byte	0
 1612 0069 00       		.byte	0
 1613 006a 09       		.uleb128 0x9
 1614 006b 0D       		.uleb128 0xd
 1615 006c 00       		.byte	0
 1616 006d 03       		.uleb128 0x3
 1617 006e 0E       		.uleb128 0xe
 1618 006f 3A       		.uleb128 0x3a
 1619 0070 0B       		.uleb128 0xb
 1620 0071 3B       		.uleb128 0x3b
 1621 0072 05       		.uleb128 0x5
 1622 0073 49       		.uleb128 0x49
 1623 0074 13       		.uleb128 0x13
 1624 0075 38       		.uleb128 0x38
 1625 0076 0B       		.uleb128 0xb
 1626 0077 00       		.byte	0
 1627 0078 00       		.byte	0
 1628 0079 0A       		.uleb128 0xa
 1629 007a 0F       		.uleb128 0xf
 1630 007b 00       		.byte	0
 1631 007c 0B       		.uleb128 0xb
 1632 007d 0B       		.uleb128 0xb
 1633 007e 49       		.uleb128 0x49
 1634 007f 13       		.uleb128 0x13
 1635 0080 00       		.byte	0
 1636 0081 00       		.byte	0
 1637 0082 0B       		.uleb128 0xb
 1638 0083 13       		.uleb128 0x13
 1639 0084 01       		.byte	0x1
 1640 0085 03       		.uleb128 0x3
 1641 0086 0E       		.uleb128 0xe
 1642 0087 0B       		.uleb128 0xb
 1643 0088 0B       		.uleb128 0xb
 1644 0089 3A       		.uleb128 0x3a
 1645 008a 0B       		.uleb128 0xb
 1646 008b 3B       		.uleb128 0x3b
 1647 008c 05       		.uleb128 0x5
 1648 008d 01       		.uleb128 0x1
 1649 008e 13       		.uleb128 0x13
 1650 008f 00       		.byte	0
 1651 0090 00       		.byte	0
 1652 0091 0C       		.uleb128 0xc
 1653 0092 15       		.uleb128 0x15
ARM GAS  /tmp/ccQDtRWG.s 			page 30


 1654 0093 01       		.byte	0x1
 1655 0094 27       		.uleb128 0x27
 1656 0095 19       		.uleb128 0x19
 1657 0096 01       		.uleb128 0x1
 1658 0097 13       		.uleb128 0x13
 1659 0098 00       		.byte	0
 1660 0099 00       		.byte	0
 1661 009a 0D       		.uleb128 0xd
 1662 009b 05       		.uleb128 0x5
 1663 009c 00       		.byte	0
 1664 009d 49       		.uleb128 0x49
 1665 009e 13       		.uleb128 0x13
 1666 009f 00       		.byte	0
 1667 00a0 00       		.byte	0
 1668 00a1 0E       		.uleb128 0xe
 1669 00a2 0F       		.uleb128 0xf
 1670 00a3 00       		.byte	0
 1671 00a4 0B       		.uleb128 0xb
 1672 00a5 0B       		.uleb128 0xb
 1673 00a6 00       		.byte	0
 1674 00a7 00       		.byte	0
 1675 00a8 0F       		.uleb128 0xf
 1676 00a9 13       		.uleb128 0x13
 1677 00aa 01       		.byte	0x1
 1678 00ab 03       		.uleb128 0x3
 1679 00ac 0E       		.uleb128 0xe
 1680 00ad 0B       		.uleb128 0xb
 1681 00ae 05       		.uleb128 0x5
 1682 00af 3A       		.uleb128 0x3a
 1683 00b0 0B       		.uleb128 0xb
 1684 00b1 3B       		.uleb128 0x3b
 1685 00b2 05       		.uleb128 0x5
 1686 00b3 01       		.uleb128 0x1
 1687 00b4 13       		.uleb128 0x13
 1688 00b5 00       		.byte	0
 1689 00b6 00       		.byte	0
 1690 00b7 10       		.uleb128 0x10
 1691 00b8 34       		.uleb128 0x34
 1692 00b9 00       		.byte	0
 1693 00ba 03       		.uleb128 0x3
 1694 00bb 0E       		.uleb128 0xe
 1695 00bc 3A       		.uleb128 0x3a
 1696 00bd 0B       		.uleb128 0xb
 1697 00be 3B       		.uleb128 0x3b
 1698 00bf 05       		.uleb128 0x5
 1699 00c0 49       		.uleb128 0x49
 1700 00c1 13       		.uleb128 0x13
 1701 00c2 3F       		.uleb128 0x3f
 1702 00c3 19       		.uleb128 0x19
 1703 00c4 3C       		.uleb128 0x3c
 1704 00c5 19       		.uleb128 0x19
 1705 00c6 00       		.byte	0
 1706 00c7 00       		.byte	0
 1707 00c8 11       		.uleb128 0x11
 1708 00c9 34       		.uleb128 0x34
 1709 00ca 00       		.byte	0
 1710 00cb 03       		.uleb128 0x3
ARM GAS  /tmp/ccQDtRWG.s 			page 31


 1711 00cc 0E       		.uleb128 0xe
 1712 00cd 3A       		.uleb128 0x3a
 1713 00ce 0B       		.uleb128 0xb
 1714 00cf 3B       		.uleb128 0x3b
 1715 00d0 0B       		.uleb128 0xb
 1716 00d1 49       		.uleb128 0x49
 1717 00d2 13       		.uleb128 0x13
 1718 00d3 3F       		.uleb128 0x3f
 1719 00d4 19       		.uleb128 0x19
 1720 00d5 3C       		.uleb128 0x3c
 1721 00d6 19       		.uleb128 0x19
 1722 00d7 00       		.byte	0
 1723 00d8 00       		.byte	0
 1724 00d9 12       		.uleb128 0x12
 1725 00da 0D       		.uleb128 0xd
 1726 00db 00       		.byte	0
 1727 00dc 03       		.uleb128 0x3
 1728 00dd 08       		.uleb128 0x8
 1729 00de 3A       		.uleb128 0x3a
 1730 00df 0B       		.uleb128 0xb
 1731 00e0 3B       		.uleb128 0x3b
 1732 00e1 0B       		.uleb128 0xb
 1733 00e2 49       		.uleb128 0x49
 1734 00e3 13       		.uleb128 0x13
 1735 00e4 38       		.uleb128 0x38
 1736 00e5 0B       		.uleb128 0xb
 1737 00e6 00       		.byte	0
 1738 00e7 00       		.byte	0
 1739 00e8 13       		.uleb128 0x13
 1740 00e9 13       		.uleb128 0x13
 1741 00ea 01       		.byte	0x1
 1742 00eb 0B       		.uleb128 0xb
 1743 00ec 0B       		.uleb128 0xb
 1744 00ed 3A       		.uleb128 0x3a
 1745 00ee 0B       		.uleb128 0xb
 1746 00ef 3B       		.uleb128 0x3b
 1747 00f0 0B       		.uleb128 0xb
 1748 00f1 01       		.uleb128 0x1
 1749 00f2 13       		.uleb128 0x13
 1750 00f3 00       		.byte	0
 1751 00f4 00       		.byte	0
 1752 00f5 14       		.uleb128 0x14
 1753 00f6 17       		.uleb128 0x17
 1754 00f7 01       		.byte	0x1
 1755 00f8 0B       		.uleb128 0xb
 1756 00f9 0B       		.uleb128 0xb
 1757 00fa 3A       		.uleb128 0x3a
 1758 00fb 0B       		.uleb128 0xb
 1759 00fc 3B       		.uleb128 0x3b
 1760 00fd 0B       		.uleb128 0xb
 1761 00fe 01       		.uleb128 0x1
 1762 00ff 13       		.uleb128 0x13
 1763 0100 00       		.byte	0
 1764 0101 00       		.byte	0
 1765 0102 15       		.uleb128 0x15
 1766 0103 0D       		.uleb128 0xd
 1767 0104 00       		.byte	0
ARM GAS  /tmp/ccQDtRWG.s 			page 32


 1768 0105 03       		.uleb128 0x3
 1769 0106 0E       		.uleb128 0xe
 1770 0107 3A       		.uleb128 0x3a
 1771 0108 0B       		.uleb128 0xb
 1772 0109 3B       		.uleb128 0x3b
 1773 010a 05       		.uleb128 0x5
 1774 010b 49       		.uleb128 0x49
 1775 010c 13       		.uleb128 0x13
 1776 010d 00       		.byte	0
 1777 010e 00       		.byte	0
 1778 010f 16       		.uleb128 0x16
 1779 0110 26       		.uleb128 0x26
 1780 0111 00       		.byte	0
 1781 0112 49       		.uleb128 0x49
 1782 0113 13       		.uleb128 0x13
 1783 0114 00       		.byte	0
 1784 0115 00       		.byte	0
 1785 0116 17       		.uleb128 0x17
 1786 0117 01       		.uleb128 0x1
 1787 0118 01       		.byte	0x1
 1788 0119 49       		.uleb128 0x49
 1789 011a 13       		.uleb128 0x13
 1790 011b 01       		.uleb128 0x1
 1791 011c 13       		.uleb128 0x13
 1792 011d 00       		.byte	0
 1793 011e 00       		.byte	0
 1794 011f 18       		.uleb128 0x18
 1795 0120 21       		.uleb128 0x21
 1796 0121 00       		.byte	0
 1797 0122 49       		.uleb128 0x49
 1798 0123 13       		.uleb128 0x13
 1799 0124 2F       		.uleb128 0x2f
 1800 0125 0B       		.uleb128 0xb
 1801 0126 00       		.byte	0
 1802 0127 00       		.byte	0
 1803 0128 19       		.uleb128 0x19
 1804 0129 34       		.uleb128 0x34
 1805 012a 00       		.byte	0
 1806 012b 03       		.uleb128 0x3
 1807 012c 08       		.uleb128 0x8
 1808 012d 3A       		.uleb128 0x3a
 1809 012e 0B       		.uleb128 0xb
 1810 012f 3B       		.uleb128 0x3b
 1811 0130 05       		.uleb128 0x5
 1812 0131 49       		.uleb128 0x49
 1813 0132 13       		.uleb128 0x13
 1814 0133 3F       		.uleb128 0x3f
 1815 0134 19       		.uleb128 0x19
 1816 0135 3C       		.uleb128 0x3c
 1817 0136 19       		.uleb128 0x19
 1818 0137 00       		.byte	0
 1819 0138 00       		.byte	0
 1820 0139 1A       		.uleb128 0x1a
 1821 013a 34       		.uleb128 0x34
 1822 013b 00       		.byte	0
 1823 013c 03       		.uleb128 0x3
 1824 013d 0E       		.uleb128 0xe
ARM GAS  /tmp/ccQDtRWG.s 			page 33


 1825 013e 3A       		.uleb128 0x3a
 1826 013f 0B       		.uleb128 0xb
 1827 0140 3B       		.uleb128 0x3b
 1828 0141 0B       		.uleb128 0xb
 1829 0142 49       		.uleb128 0x49
 1830 0143 13       		.uleb128 0x13
 1831 0144 02       		.uleb128 0x2
 1832 0145 18       		.uleb128 0x18
 1833 0146 00       		.byte	0
 1834 0147 00       		.byte	0
 1835 0148 1B       		.uleb128 0x1b
 1836 0149 2E       		.uleb128 0x2e
 1837 014a 00       		.byte	0
 1838 014b 3F       		.uleb128 0x3f
 1839 014c 19       		.uleb128 0x19
 1840 014d 03       		.uleb128 0x3
 1841 014e 0E       		.uleb128 0xe
 1842 014f 3A       		.uleb128 0x3a
 1843 0150 0B       		.uleb128 0xb
 1844 0151 3B       		.uleb128 0x3b
 1845 0152 0B       		.uleb128 0xb
 1846 0153 27       		.uleb128 0x27
 1847 0154 19       		.uleb128 0x19
 1848 0155 49       		.uleb128 0x49
 1849 0156 13       		.uleb128 0x13
 1850 0157 11       		.uleb128 0x11
 1851 0158 01       		.uleb128 0x1
 1852 0159 12       		.uleb128 0x12
 1853 015a 06       		.uleb128 0x6
 1854 015b 40       		.uleb128 0x40
 1855 015c 18       		.uleb128 0x18
 1856 015d 9742     		.uleb128 0x2117
 1857 015f 19       		.uleb128 0x19
 1858 0160 00       		.byte	0
 1859 0161 00       		.byte	0
 1860 0162 1C       		.uleb128 0x1c
 1861 0163 2E       		.uleb128 0x2e
 1862 0164 01       		.byte	0x1
 1863 0165 3F       		.uleb128 0x3f
 1864 0166 19       		.uleb128 0x19
 1865 0167 03       		.uleb128 0x3
 1866 0168 0E       		.uleb128 0xe
 1867 0169 3A       		.uleb128 0x3a
 1868 016a 0B       		.uleb128 0xb
 1869 016b 3B       		.uleb128 0x3b
 1870 016c 0B       		.uleb128 0xb
 1871 016d 27       		.uleb128 0x27
 1872 016e 19       		.uleb128 0x19
 1873 016f 49       		.uleb128 0x49
 1874 0170 13       		.uleb128 0x13
 1875 0171 20       		.uleb128 0x20
 1876 0172 0B       		.uleb128 0xb
 1877 0173 01       		.uleb128 0x1
 1878 0174 13       		.uleb128 0x13
 1879 0175 00       		.byte	0
 1880 0176 00       		.byte	0
 1881 0177 1D       		.uleb128 0x1d
ARM GAS  /tmp/ccQDtRWG.s 			page 34


 1882 0178 05       		.uleb128 0x5
 1883 0179 00       		.byte	0
 1884 017a 03       		.uleb128 0x3
 1885 017b 0E       		.uleb128 0xe
 1886 017c 3A       		.uleb128 0x3a
 1887 017d 0B       		.uleb128 0xb
 1888 017e 3B       		.uleb128 0x3b
 1889 017f 0B       		.uleb128 0xb
 1890 0180 49       		.uleb128 0x49
 1891 0181 13       		.uleb128 0x13
 1892 0182 00       		.byte	0
 1893 0183 00       		.byte	0
 1894 0184 1E       		.uleb128 0x1e
 1895 0185 34       		.uleb128 0x34
 1896 0186 00       		.byte	0
 1897 0187 03       		.uleb128 0x3
 1898 0188 08       		.uleb128 0x8
 1899 0189 3A       		.uleb128 0x3a
 1900 018a 0B       		.uleb128 0xb
 1901 018b 3B       		.uleb128 0x3b
 1902 018c 0B       		.uleb128 0xb
 1903 018d 49       		.uleb128 0x49
 1904 018e 13       		.uleb128 0x13
 1905 018f 00       		.byte	0
 1906 0190 00       		.byte	0
 1907 0191 1F       		.uleb128 0x1f
 1908 0192 2E       		.uleb128 0x2e
 1909 0193 01       		.byte	0x1
 1910 0194 3F       		.uleb128 0x3f
 1911 0195 19       		.uleb128 0x19
 1912 0196 03       		.uleb128 0x3
 1913 0197 0E       		.uleb128 0xe
 1914 0198 3A       		.uleb128 0x3a
 1915 0199 0B       		.uleb128 0xb
 1916 019a 3B       		.uleb128 0x3b
 1917 019b 0B       		.uleb128 0xb
 1918 019c 27       		.uleb128 0x27
 1919 019d 19       		.uleb128 0x19
 1920 019e 49       		.uleb128 0x49
 1921 019f 13       		.uleb128 0x13
 1922 01a0 11       		.uleb128 0x11
 1923 01a1 01       		.uleb128 0x1
 1924 01a2 12       		.uleb128 0x12
 1925 01a3 06       		.uleb128 0x6
 1926 01a4 40       		.uleb128 0x40
 1927 01a5 18       		.uleb128 0x18
 1928 01a6 9742     		.uleb128 0x2117
 1929 01a8 19       		.uleb128 0x19
 1930 01a9 01       		.uleb128 0x1
 1931 01aa 13       		.uleb128 0x13
 1932 01ab 00       		.byte	0
 1933 01ac 00       		.byte	0
 1934 01ad 20       		.uleb128 0x20
 1935 01ae 05       		.uleb128 0x5
 1936 01af 00       		.byte	0
 1937 01b0 03       		.uleb128 0x3
 1938 01b1 0E       		.uleb128 0xe
ARM GAS  /tmp/ccQDtRWG.s 			page 35


 1939 01b2 3A       		.uleb128 0x3a
 1940 01b3 0B       		.uleb128 0xb
 1941 01b4 3B       		.uleb128 0x3b
 1942 01b5 0B       		.uleb128 0xb
 1943 01b6 49       		.uleb128 0x49
 1944 01b7 13       		.uleb128 0x13
 1945 01b8 02       		.uleb128 0x2
 1946 01b9 17       		.uleb128 0x17
 1947 01ba 00       		.byte	0
 1948 01bb 00       		.byte	0
 1949 01bc 21       		.uleb128 0x21
 1950 01bd 1D       		.uleb128 0x1d
 1951 01be 01       		.byte	0x1
 1952 01bf 31       		.uleb128 0x31
 1953 01c0 13       		.uleb128 0x13
 1954 01c1 11       		.uleb128 0x11
 1955 01c2 01       		.uleb128 0x1
 1956 01c3 12       		.uleb128 0x12
 1957 01c4 06       		.uleb128 0x6
 1958 01c5 58       		.uleb128 0x58
 1959 01c6 0B       		.uleb128 0xb
 1960 01c7 59       		.uleb128 0x59
 1961 01c8 0B       		.uleb128 0xb
 1962 01c9 01       		.uleb128 0x1
 1963 01ca 13       		.uleb128 0x13
 1964 01cb 00       		.byte	0
 1965 01cc 00       		.byte	0
 1966 01cd 22       		.uleb128 0x22
 1967 01ce 1D       		.uleb128 0x1d
 1968 01cf 01       		.byte	0x1
 1969 01d0 31       		.uleb128 0x31
 1970 01d1 13       		.uleb128 0x13
 1971 01d2 11       		.uleb128 0x11
 1972 01d3 01       		.uleb128 0x1
 1973 01d4 12       		.uleb128 0x12
 1974 01d5 06       		.uleb128 0x6
 1975 01d6 58       		.uleb128 0x58
 1976 01d7 0B       		.uleb128 0xb
 1977 01d8 59       		.uleb128 0x59
 1978 01d9 05       		.uleb128 0x5
 1979 01da 00       		.byte	0
 1980 01db 00       		.byte	0
 1981 01dc 23       		.uleb128 0x23
 1982 01dd 1D       		.uleb128 0x1d
 1983 01de 00       		.byte	0
 1984 01df 31       		.uleb128 0x31
 1985 01e0 13       		.uleb128 0x13
 1986 01e1 11       		.uleb128 0x11
 1987 01e2 01       		.uleb128 0x1
 1988 01e3 12       		.uleb128 0x12
 1989 01e4 06       		.uleb128 0x6
 1990 01e5 58       		.uleb128 0x58
 1991 01e6 0B       		.uleb128 0xb
 1992 01e7 59       		.uleb128 0x59
 1993 01e8 05       		.uleb128 0x5
 1994 01e9 00       		.byte	0
 1995 01ea 00       		.byte	0
ARM GAS  /tmp/ccQDtRWG.s 			page 36


 1996 01eb 24       		.uleb128 0x24
 1997 01ec 05       		.uleb128 0x5
 1998 01ed 00       		.byte	0
 1999 01ee 31       		.uleb128 0x31
 2000 01ef 13       		.uleb128 0x13
 2001 01f0 02       		.uleb128 0x2
 2002 01f1 17       		.uleb128 0x17
 2003 01f2 00       		.byte	0
 2004 01f3 00       		.byte	0
 2005 01f4 25       		.uleb128 0x25
 2006 01f5 0B       		.uleb128 0xb
 2007 01f6 01       		.byte	0x1
 2008 01f7 11       		.uleb128 0x11
 2009 01f8 01       		.uleb128 0x1
 2010 01f9 12       		.uleb128 0x12
 2011 01fa 06       		.uleb128 0x6
 2012 01fb 00       		.byte	0
 2013 01fc 00       		.byte	0
 2014 01fd 26       		.uleb128 0x26
 2015 01fe 34       		.uleb128 0x34
 2016 01ff 00       		.byte	0
 2017 0200 31       		.uleb128 0x31
 2018 0201 13       		.uleb128 0x13
 2019 0202 02       		.uleb128 0x2
 2020 0203 17       		.uleb128 0x17
 2021 0204 00       		.byte	0
 2022 0205 00       		.byte	0
 2023 0206 27       		.uleb128 0x27
 2024 0207 1D       		.uleb128 0x1d
 2025 0208 01       		.byte	0x1
 2026 0209 31       		.uleb128 0x31
 2027 020a 13       		.uleb128 0x13
 2028 020b 11       		.uleb128 0x11
 2029 020c 01       		.uleb128 0x1
 2030 020d 12       		.uleb128 0x12
 2031 020e 06       		.uleb128 0x6
 2032 020f 58       		.uleb128 0x58
 2033 0210 0B       		.uleb128 0xb
 2034 0211 59       		.uleb128 0x59
 2035 0212 0B       		.uleb128 0xb
 2036 0213 00       		.byte	0
 2037 0214 00       		.byte	0
 2038 0215 28       		.uleb128 0x28
 2039 0216 2E       		.uleb128 0x2e
 2040 0217 01       		.byte	0x1
 2041 0218 3F       		.uleb128 0x3f
 2042 0219 19       		.uleb128 0x19
 2043 021a 03       		.uleb128 0x3
 2044 021b 0E       		.uleb128 0xe
 2045 021c 3A       		.uleb128 0x3a
 2046 021d 0B       		.uleb128 0xb
 2047 021e 3B       		.uleb128 0x3b
 2048 021f 0B       		.uleb128 0xb
 2049 0220 27       		.uleb128 0x27
 2050 0221 19       		.uleb128 0x19
 2051 0222 11       		.uleb128 0x11
 2052 0223 01       		.uleb128 0x1
ARM GAS  /tmp/ccQDtRWG.s 			page 37


 2053 0224 12       		.uleb128 0x12
 2054 0225 06       		.uleb128 0x6
 2055 0226 40       		.uleb128 0x40
 2056 0227 18       		.uleb128 0x18
 2057 0228 9742     		.uleb128 0x2117
 2058 022a 19       		.uleb128 0x19
 2059 022b 01       		.uleb128 0x1
 2060 022c 13       		.uleb128 0x13
 2061 022d 00       		.byte	0
 2062 022e 00       		.byte	0
 2063 022f 29       		.uleb128 0x29
 2064 0230 21       		.uleb128 0x21
 2065 0231 00       		.byte	0
 2066 0232 00       		.byte	0
 2067 0233 00       		.byte	0
 2068 0234 2A       		.uleb128 0x2a
 2069 0235 2E       		.uleb128 0x2e
 2070 0236 01       		.byte	0x1
 2071 0237 03       		.uleb128 0x3
 2072 0238 0E       		.uleb128 0xe
 2073 0239 3A       		.uleb128 0x3a
 2074 023a 0B       		.uleb128 0xb
 2075 023b 3B       		.uleb128 0x3b
 2076 023c 05       		.uleb128 0x5
 2077 023d 27       		.uleb128 0x27
 2078 023e 19       		.uleb128 0x19
 2079 023f 20       		.uleb128 0x20
 2080 0240 0B       		.uleb128 0xb
 2081 0241 01       		.uleb128 0x1
 2082 0242 13       		.uleb128 0x13
 2083 0243 00       		.byte	0
 2084 0244 00       		.byte	0
 2085 0245 2B       		.uleb128 0x2b
 2086 0246 34       		.uleb128 0x34
 2087 0247 00       		.byte	0
 2088 0248 03       		.uleb128 0x3
 2089 0249 0E       		.uleb128 0xe
 2090 024a 49       		.uleb128 0x49
 2091 024b 13       		.uleb128 0x13
 2092 024c 34       		.uleb128 0x34
 2093 024d 19       		.uleb128 0x19
 2094 024e 1C       		.uleb128 0x1c
 2095 024f 0E       		.uleb128 0xe
 2096 0250 00       		.byte	0
 2097 0251 00       		.byte	0
 2098 0252 2C       		.uleb128 0x2c
 2099 0253 2E       		.uleb128 0x2e
 2100 0254 00       		.byte	0
 2101 0255 03       		.uleb128 0x3
 2102 0256 0E       		.uleb128 0xe
 2103 0257 3A       		.uleb128 0x3a
 2104 0258 0B       		.uleb128 0xb
 2105 0259 3B       		.uleb128 0x3b
 2106 025a 05       		.uleb128 0x5
 2107 025b 27       		.uleb128 0x27
 2108 025c 19       		.uleb128 0x19
 2109 025d 20       		.uleb128 0x20
ARM GAS  /tmp/ccQDtRWG.s 			page 38


 2110 025e 0B       		.uleb128 0xb
 2111 025f 00       		.byte	0
 2112 0260 00       		.byte	0
 2113 0261 2D       		.uleb128 0x2d
 2114 0262 2E       		.uleb128 0x2e
 2115 0263 01       		.byte	0x1
 2116 0264 31       		.uleb128 0x31
 2117 0265 13       		.uleb128 0x13
 2118 0266 11       		.uleb128 0x11
 2119 0267 01       		.uleb128 0x1
 2120 0268 12       		.uleb128 0x12
 2121 0269 06       		.uleb128 0x6
 2122 026a 40       		.uleb128 0x40
 2123 026b 18       		.uleb128 0x18
 2124 026c 9742     		.uleb128 0x2117
 2125 026e 19       		.uleb128 0x19
 2126 026f 00       		.byte	0
 2127 0270 00       		.byte	0
 2128 0271 00       		.byte	0
 2129              		.section	.debug_loc,"",%progbits
 2130              	.Ldebug_loc0:
 2131              	.LLST0:
 2132 0000 00000000 		.4byte	.LVL0
 2133 0004 0A000000 		.4byte	.LVL2
 2134 0008 0100     		.2byte	0x1
 2135 000a 50       		.byte	0x50
 2136 000b 0A000000 		.4byte	.LVL2
 2137 000f 0E000000 		.4byte	.LVL3
 2138 0013 0100     		.2byte	0x1
 2139 0015 53       		.byte	0x53
 2140 0016 0E000000 		.4byte	.LVL3
 2141 001a 12000000 		.4byte	.LVL4
 2142 001e 0300     		.2byte	0x3
 2143 0020 73       		.byte	0x73
 2144 0021 79       		.sleb128 -7
 2145 0022 9F       		.byte	0x9f
 2146 0023 12000000 		.4byte	.LVL4
 2147 0027 2C000000 		.4byte	.LFE220
 2148 002b 0400     		.2byte	0x4
 2149 002d F3       		.byte	0xf3
 2150 002e 01       		.uleb128 0x1
 2151 002f 50       		.byte	0x50
 2152 0030 9F       		.byte	0x9f
 2153 0031 00000000 		.4byte	0
 2154 0035 00000000 		.4byte	0
 2155              	.LLST1:
 2156 0039 04000000 		.4byte	.LVL1
 2157 003d 0A000000 		.4byte	.LVL2
 2158 0041 0100     		.2byte	0x1
 2159 0043 50       		.byte	0x50
 2160 0044 0A000000 		.4byte	.LVL2
 2161 0048 0E000000 		.4byte	.LVL3
 2162 004c 0100     		.2byte	0x1
 2163 004e 53       		.byte	0x53
 2164 004f 0E000000 		.4byte	.LVL3
 2165 0053 12000000 		.4byte	.LVL4
 2166 0057 0300     		.2byte	0x3
ARM GAS  /tmp/ccQDtRWG.s 			page 39


 2167 0059 73       		.byte	0x73
 2168 005a 79       		.sleb128 -7
 2169 005b 9F       		.byte	0x9f
 2170 005c 12000000 		.4byte	.LVL4
 2171 0060 1A000000 		.4byte	.LVL6
 2172 0064 0100     		.2byte	0x1
 2173 0066 53       		.byte	0x53
 2174 0067 1A000000 		.4byte	.LVL6
 2175 006b 1E000000 		.4byte	.LVL7
 2176 006f 0900     		.2byte	0x9
 2177 0071 F3       		.byte	0xf3
 2178 0072 01       		.uleb128 0x1
 2179 0073 50       		.byte	0x50
 2180 0074 23       		.byte	0x23
 2181 0075 07       		.uleb128 0x7
 2182 0076 09       		.byte	0x9
 2183 0077 F8       		.byte	0xf8
 2184 0078 1A       		.byte	0x1a
 2185 0079 9F       		.byte	0x9f
 2186 007a 00000000 		.4byte	0
 2187 007e 00000000 		.4byte	0
 2188              	.LLST2:
 2189 0082 16000000 		.4byte	.LVL5
 2190 0086 1E000000 		.4byte	.LVL7
 2191 008a 0100     		.2byte	0x1
 2192 008c 50       		.byte	0x50
 2193 008d 00000000 		.4byte	0
 2194 0091 00000000 		.4byte	0
 2195              	.LLST3:
 2196 0095 00000000 		.4byte	.LVL8
 2197 0099 0A000000 		.4byte	.LVL9
 2198 009d 0100     		.2byte	0x1
 2199 009f 50       		.byte	0x50
 2200 00a0 0A000000 		.4byte	.LVL9
 2201 00a4 0E000000 		.4byte	.LVL10
 2202 00a8 0300     		.2byte	0x3
 2203 00aa 70       		.byte	0x70
 2204 00ab 79       		.sleb128 -7
 2205 00ac 9F       		.byte	0x9f
 2206 00ad 0E000000 		.4byte	.LVL10
 2207 00b1 16000000 		.4byte	.LVL12
 2208 00b5 0100     		.2byte	0x1
 2209 00b7 50       		.byte	0x50
 2210 00b8 16000000 		.4byte	.LVL12
 2211 00bc 28000000 		.4byte	.LFE221
 2212 00c0 0900     		.2byte	0x9
 2213 00c2 F3       		.byte	0xf3
 2214 00c3 01       		.uleb128 0x1
 2215 00c4 50       		.byte	0x50
 2216 00c5 23       		.byte	0x23
 2217 00c6 07       		.uleb128 0x7
 2218 00c7 09       		.byte	0x9
 2219 00c8 F8       		.byte	0xf8
 2220 00c9 1A       		.byte	0x1a
 2221 00ca 9F       		.byte	0x9f
 2222 00cb 00000000 		.4byte	0
 2223 00cf 00000000 		.4byte	0
ARM GAS  /tmp/ccQDtRWG.s 			page 40


 2224              	.LLST4:
 2225 00d3 12000000 		.4byte	.LVL11
 2226 00d7 18000000 		.4byte	.LVL13
 2227 00db 0100     		.2byte	0x1
 2228 00dd 53       		.byte	0x53
 2229 00de 18000000 		.4byte	.LVL13
 2230 00e2 1A000000 		.4byte	.LVL14
 2231 00e6 0500     		.2byte	0x5
 2232 00e8 03       		.byte	0x3
 2233 00e9 00000000 		.4byte	nextmem
 2234 00ed 00000000 		.4byte	0
 2235 00f1 00000000 		.4byte	0
 2236              		.section	.debug_aranges,"",%progbits
 2237 0000 34000000 		.4byte	0x34
 2238 0004 0200     		.2byte	0x2
 2239 0006 00000000 		.4byte	.Ldebug_info0
 2240 000a 04       		.byte	0x4
 2241 000b 00       		.byte	0
 2242 000c 0000     		.2byte	0
 2243 000e 0000     		.2byte	0
 2244 0010 00000000 		.4byte	.LFB219
 2245 0014 28000000 		.4byte	.LFE219-.LFB219
 2246 0018 00000000 		.4byte	.LFB220
 2247 001c 2C000000 		.4byte	.LFE220-.LFB220
 2248 0020 00000000 		.4byte	.LFB221
 2249 0024 28000000 		.4byte	.LFE221-.LFB221
 2250 0028 00000000 		.4byte	.LFB222
 2251 002c 14000000 		.4byte	.LFE222-.LFB222
 2252 0030 00000000 		.4byte	0
 2253 0034 00000000 		.4byte	0
 2254              		.section	.debug_ranges,"",%progbits
 2255              	.Ldebug_ranges0:
 2256 0000 00000000 		.4byte	.LFB219
 2257 0004 28000000 		.4byte	.LFE219
 2258 0008 00000000 		.4byte	.LFB220
 2259 000c 2C000000 		.4byte	.LFE220
 2260 0010 00000000 		.4byte	.LFB221
 2261 0014 28000000 		.4byte	.LFE221
 2262 0018 00000000 		.4byte	.LFB222
 2263 001c 14000000 		.4byte	.LFE222
 2264 0020 00000000 		.4byte	0
 2265 0024 00000000 		.4byte	0
 2266              		.section	.debug_line,"",%progbits
 2267              	.Ldebug_line0:
 2268 0000 AB020000 		.section	.debug_str,"MS",%progbits,1
 2268      02003402 
 2268      00000201 
 2268      FB0E0D00 
 2268      01010101 
 2269              	.LASF129:
 2270 0000 656E646D 		.ascii	"endmem\000"
 2270      656D00
 2271              	.LASF56:
 2272 0007 72656164 		.ascii	"ready_list_t\000"
 2272      795F6C69 
 2272      73745F74 
 2272      00
ARM GAS  /tmp/ccQDtRWG.s 			page 41


 2273              	.LASF2:
 2274 0014 73697A65 		.ascii	"size_t\000"
 2274      5F7400
 2275              	.LASF92:
 2276 001b 7264796D 		.ascii	"rdymsg\000"
 2276      736700
 2277              	.LASF19:
 2278 0022 75696E74 		.ascii	"uint64_t\000"
 2278      36345F74 
 2278      00
 2279              	.LASF144:
 2280 002b 6368436F 		.ascii	"chCoreAlloc\000"
 2280      7265416C 
 2280      6C6F6300 
 2281              	.LASF139:
 2282 0037 43686962 		.ascii	"ChibiOS_3.0.2/os/rt/src/chmemcore.c\000"
 2282      694F535F 
 2282      332E302E 
 2282      322F6F73 
 2282      2F72742F 
 2283              	.LASF3:
 2284 005b 5F5F7569 		.ascii	"__uint8_t\000"
 2284      6E74385F 
 2284      7400
 2285              	.LASF89:
 2286 0065 706F7274 		.ascii	"port_intctx\000"
 2286      5F696E74 
 2286      63747800 
 2287              	.LASF75:
 2288 0071 73797374 		.ascii	"system_debug_t\000"
 2288      656D5F64 
 2288      65627567 
 2288      5F7400
 2289              	.LASF138:
 2290 0080 474E5520 		.ascii	"GNU C99 7.3.1 20180622 (release) [ARM/embedded-7-br"
 2290      43393920 
 2290      372E332E 
 2290      31203230 
 2290      31383036 
 2291 00b3 616E6368 		.ascii	"anch revision 261907] -mcpu=cortex-m4 -mfloat-abi=h"
 2291      20726576 
 2291      6973696F 
 2291      6E203236 
 2291      31393037 
 2292 00e6 61726420 		.ascii	"ard -mfpu=fpv4-sp-d16 -mno-thumb-interwork -mthumb "
 2292      2D6D6670 
 2292      753D6670 
 2292      76342D73 
 2292      702D6431 
 2293 0119 2D676764 		.ascii	"-ggdb -O2 -std=gnu99 -fomit-frame-pointer -falign-f"
 2293      62202D4F 
 2293      32202D73 
 2293      74643D67 
 2293      6E753939 
 2294 014c 756E6374 		.ascii	"unctions=16 -ffunction-sections -fdata-sections -fn"
 2294      696F6E73 
 2294      3D313620 
ARM GAS  /tmp/ccQDtRWG.s 			page 42


 2294      2D666675 
 2294      6E637469 
 2295 017f 6F2D636F 		.ascii	"o-common -fsingle-precision-constant\000"
 2295      6D6D6F6E 
 2295      202D6673 
 2295      696E676C 
 2295      652D7072 
 2296              	.LASF135:
 2297 01a4 706F7274 		.ascii	"port_lock\000"
 2297      5F6C6F63 
 2297      6B00
 2298              	.LASF14:
 2299 01ae 6C6F6E67 		.ascii	"long long unsigned int\000"
 2299      206C6F6E 
 2299      6720756E 
 2299      7369676E 
 2299      65642069 
 2300              	.LASF113:
 2301 01c5 63685F74 		.ascii	"ch_threadsize\000"
 2301      68726561 
 2301      6473697A 
 2301      6500
 2302              	.LASF93:
 2303 01d3 65786974 		.ascii	"exitcode\000"
 2303      636F6465 
 2303      00
 2304              	.LASF82:
 2305 01dc 6D61696E 		.ascii	"mainthread\000"
 2305      74687265 
 2305      616400
 2306              	.LASF72:
 2307 01e7 76697274 		.ascii	"virtual_timers_list_t\000"
 2307      75616C5F 
 2307      74696D65 
 2307      72735F6C 
 2307      6973745F 
 2308              	.LASF84:
 2309 01fd 49544D5F 		.ascii	"ITM_RxBuffer\000"
 2309      52784275 
 2309      66666572 
 2309      00
 2310              	.LASF55:
 2311 020a 63685F74 		.ascii	"ch_threads_queue\000"
 2311      68726561 
 2311      64735F71 
 2311      75657565 
 2311      00
 2312              	.LASF33:
 2313 021b 705F7072 		.ascii	"p_prio\000"
 2313      696F00
 2314              	.LASF120:
 2315 0222 63665F6F 		.ascii	"cf_off_state\000"
 2315      66665F73 
 2315      74617465 
 2315      00
 2316              	.LASF23:
 2317 022f 74726566 		.ascii	"trefs_t\000"
ARM GAS  /tmp/ccQDtRWG.s 			page 43


 2317      735F7400 
 2318              	.LASF12:
 2319 0237 6C6F6E67 		.ascii	"long long int\000"
 2319      206C6F6E 
 2319      6720696E 
 2319      7400
 2320              	.LASF1:
 2321 0245 7369676E 		.ascii	"signed char\000"
 2321      65642063 
 2321      68617200 
 2322              	.LASF119:
 2323 0251 63665F6F 		.ascii	"cf_off_stklimit\000"
 2323      66665F73 
 2323      746B6C69 
 2323      6D697400 
 2324              	.LASF121:
 2325 0261 63665F6F 		.ascii	"cf_off_flags\000"
 2325      66665F66 
 2325      6C616773 
 2325      00
 2326              	.LASF49:
 2327 026e 705F6D70 		.ascii	"p_mpool\000"
 2327      6F6F6C00 
 2328              	.LASF103:
 2329 0276 6D5F7175 		.ascii	"m_queue\000"
 2329      65756500 
 2330              	.LASF81:
 2331 027e 76746C69 		.ascii	"vtlist\000"
 2331      737400
 2332              	.LASF134:
 2333 0285 706F7274 		.ascii	"port_unlock\000"
 2333      5F756E6C 
 2333      6F636B00 
 2334              	.LASF24:
 2335 0291 74736C69 		.ascii	"tslices_t\000"
 2335      6365735F 
 2335      7400
 2336              	.LASF95:
 2337 029b 77747472 		.ascii	"wttrp\000"
 2337      7000
 2338              	.LASF79:
 2339 02a1 63685F73 		.ascii	"ch_system\000"
 2339      79737465 
 2339      6D00
 2340              	.LASF9:
 2341 02ab 6C6F6E67 		.ascii	"long int\000"
 2341      20696E74 
 2341      00
 2342              	.LASF22:
 2343 02b4 74737461 		.ascii	"tstate_t\000"
 2343      74655F74 
 2343      00
 2344              	.LASF125:
 2345 02bd 63686465 		.ascii	"chdebug_t\000"
 2345      6275675F 
 2345      7400
 2346              	.LASF35:
ARM GAS  /tmp/ccQDtRWG.s 			page 44


 2347 02c7 705F6E65 		.ascii	"p_newer\000"
 2347      77657200 
 2348              	.LASF100:
 2349 02cf 735F7175 		.ascii	"s_queue\000"
 2349      65756500 
 2350              	.LASF142:
 2351 02d7 6368436F 		.ascii	"chCoreAllocI\000"
 2351      7265416C 
 2351      6C6F6349 
 2351      00
 2352              	.LASF61:
 2353 02e4 725F6E65 		.ascii	"r_newer\000"
 2353      77657200 
 2354              	.LASF86:
 2355 02ec 72656761 		.ascii	"regarm_t\000"
 2355      726D5F74 
 2355      00
 2356              	.LASF68:
 2357 02f5 76745F70 		.ascii	"vt_prev\000"
 2357      72657600 
 2358              	.LASF76:
 2359 02fd 63685F73 		.ascii	"ch_system_debug\000"
 2359      79737465 
 2359      6D5F6465 
 2359      62756700 
 2360              	.LASF127:
 2361 030d 6D757465 		.ascii	"mutex_t\000"
 2361      785F7400 
 2362              	.LASF83:
 2363 0315 69646C65 		.ascii	"idle_thread_wa\000"
 2363      5F746872 
 2363      6561645F 
 2363      776100
 2364              	.LASF28:
 2365 0324 636E745F 		.ascii	"cnt_t\000"
 2365      7400
 2366              	.LASF0:
 2367 032a 756E7369 		.ascii	"unsigned int\000"
 2367      676E6564 
 2367      20696E74 
 2367      00
 2368              	.LASF67:
 2369 0337 76745F6E 		.ascii	"vt_next\000"
 2369      65787400 
 2370              	.LASF16:
 2371 033f 75696E74 		.ascii	"uint16_t\000"
 2371      31365F74 
 2371      00
 2372              	.LASF85:
 2373 0348 53797374 		.ascii	"SystemCoreClock\000"
 2373      656D436F 
 2373      7265436C 
 2373      6F636B00 
 2374              	.LASF42:
 2375 0358 705F7469 		.ascii	"p_time\000"
 2375      6D6500
 2376              	.LASF96:
ARM GAS  /tmp/ccQDtRWG.s 			page 45


 2377 035f 77747365 		.ascii	"wtsemp\000"
 2377      6D7000
 2378              	.LASF117:
 2379 0366 63665F6F 		.ascii	"cf_off_older\000"
 2379      66665F6F 
 2379      6C646572 
 2379      00
 2380              	.LASF69:
 2381 0373 76745F64 		.ascii	"vt_delta\000"
 2381      656C7461 
 2381      00
 2382              	.LASF44:
 2383 037c 705F6D73 		.ascii	"p_msgqueue\000"
 2383      67717565 
 2383      756500
 2384              	.LASF126:
 2385 0387 63685F64 		.ascii	"ch_debug\000"
 2385      65627567 
 2385      00
 2386              	.LASF101:
 2387 0390 735F636E 		.ascii	"s_cnt\000"
 2387      7400
 2388              	.LASF7:
 2389 0396 73686F72 		.ascii	"short unsigned int\000"
 2389      7420756E 
 2389      7369676E 
 2389      65642069 
 2389      6E7400
 2390              	.LASF52:
 2391 03a9 63685F74 		.ascii	"ch_thread\000"
 2391      68726561 
 2391      6400
 2392              	.LASF26:
 2393 03b3 6D73675F 		.ascii	"msg_t\000"
 2393      7400
 2394              	.LASF78:
 2395 03b9 63685F73 		.ascii	"ch_system_t\000"
 2395      79737465 
 2395      6D5F7400 
 2396              	.LASF124:
 2397 03c5 63665F6F 		.ascii	"cf_off_time\000"
 2397      66665F74 
 2397      696D6500 
 2398              	.LASF57:
 2399 03d1 63685F72 		.ascii	"ch_ready_list\000"
 2399      65616479 
 2399      5F6C6973 
 2399      7400
 2400              	.LASF27:
 2401 03df 6576656E 		.ascii	"eventmask_t\000"
 2401      746D6173 
 2401      6B5F7400 
 2402              	.LASF8:
 2403 03eb 5F5F696E 		.ascii	"__int32_t\000"
 2403      7433325F 
 2403      7400
 2404              	.LASF87:
ARM GAS  /tmp/ccQDtRWG.s 			page 46


 2405 03f5 73746B61 		.ascii	"stkalign_t\000"
 2405      6C69676E 
 2405      5F7400
 2406              	.LASF51:
 2407 0400 74687265 		.ascii	"threads_list_t\000"
 2407      6164735F 
 2407      6C697374 
 2407      5F7400
 2408              	.LASF108:
 2409 040f 63685F7A 		.ascii	"ch_zero\000"
 2409      65726F00 
 2410              	.LASF122:
 2411 0417 63665F6F 		.ascii	"cf_off_refs\000"
 2411      66665F72 
 2411      65667300 
 2412              	.LASF43:
 2413 0423 705F7761 		.ascii	"p_waiting\000"
 2413      6974696E 
 2413      6700
 2414              	.LASF20:
 2415 042d 7274636E 		.ascii	"rtcnt_t\000"
 2415      745F7400 
 2416              	.LASF73:
 2417 0435 63685F76 		.ascii	"ch_virtual_timers_list\000"
 2417      69727475 
 2417      616C5F74 
 2417      696D6572 
 2417      735F6C69 
 2418              	.LASF112:
 2419 044c 63685F74 		.ascii	"ch_timesize\000"
 2419      696D6573 
 2419      697A6500 
 2420              	.LASF118:
 2421 0458 63665F6F 		.ascii	"cf_off_name\000"
 2421      66665F6E 
 2421      616D6500 
 2422              	.LASF36:
 2423 0464 705F6F6C 		.ascii	"p_older\000"
 2423      64657200 
 2424              	.LASF60:
 2425 046c 725F6374 		.ascii	"r_ctx\000"
 2425      7800
 2426              	.LASF34:
 2427 0472 705F6374 		.ascii	"p_ctx\000"
 2427      7800
 2428              	.LASF91:
 2429 0478 746D5F63 		.ascii	"tm_calibration_t\000"
 2429      616C6962 
 2429      72617469 
 2429      6F6E5F74 
 2429      00
 2430              	.LASF63:
 2431 0489 725F6375 		.ascii	"r_current\000"
 2431      7272656E 
 2431      7400
 2432              	.LASF62:
 2433 0493 725F6F6C 		.ascii	"r_older\000"
ARM GAS  /tmp/ccQDtRWG.s 			page 47


 2433      64657200 
 2434              	.LASF137:
 2435 049b 5F5F656E 		.ascii	"__enable_irq\000"
 2435      61626C65 
 2435      5F697271 
 2435      00
 2436              	.LASF13:
 2437 04a8 5F5F7569 		.ascii	"__uint64_t\000"
 2437      6E743634 
 2437      5F7400
 2438              	.LASF136:
 2439 04b3 5F5F6469 		.ascii	"__disable_irq\000"
 2439      7361626C 
 2439      655F6972 
 2439      7100
 2440              	.LASF111:
 2441 04c1 63685F70 		.ascii	"ch_ptrsize\000"
 2441      74727369 
 2441      7A6500
 2442              	.LASF65:
 2443 04cc 76697274 		.ascii	"virtual_timer_t\000"
 2443      75616C5F 
 2443      74696D65 
 2443      725F7400 
 2444              	.LASF32:
 2445 04dc 705F7072 		.ascii	"p_prev\000"
 2445      657600
 2446              	.LASF25:
 2447 04e3 74707269 		.ascii	"tprio_t\000"
 2447      6F5F7400 
 2448              	.LASF141:
 2449 04eb 6368436F 		.ascii	"chCoreGetStatusX\000"
 2449      72654765 
 2449      74537461 
 2449      74757358 
 2449      00
 2450              	.LASF17:
 2451 04fc 696E7433 		.ascii	"int32_t\000"
 2451      325F7400 
 2452              	.LASF4:
 2453 0504 756E7369 		.ascii	"unsigned char\000"
 2453      676E6564 
 2453      20636861 
 2453      7200
 2454              	.LASF140:
 2455 0512 2F6D6564 		.ascii	"/media/sf_Dropbox/ScuddyE_Tech/Software/Motorcontro"
 2455      69612F73 
 2455      665F4472 
 2455      6F70626F 
 2455      782F5363 
 2456 0545 6C6C6572 		.ascii	"ller/SPV2/scuddy_spv2 104\000"
 2456      2F535056 
 2456      322F7363 
 2456      75646479 
 2456      5F737076 
 2457              	.LASF145:
 2458 055f 5F636F72 		.ascii	"_core_init\000"
ARM GAS  /tmp/ccQDtRWG.s 			page 48


 2458      655F696E 
 2458      697400
 2459              	.LASF47:
 2460 056a 705F6D74 		.ascii	"p_mtxlist\000"
 2460      786C6973 
 2460      7400
 2461              	.LASF5:
 2462 0574 73686F72 		.ascii	"short int\000"
 2462      7420696E 
 2462      7400
 2463              	.LASF38:
 2464 057e 705F7374 		.ascii	"p_state\000"
 2464      61746500 
 2465              	.LASF41:
 2466 0586 705F7072 		.ascii	"p_preempt\000"
 2466      65656D70 
 2466      7400
 2467              	.LASF131:
 2468 0590 5F5F6865 		.ascii	"__heap_end__\000"
 2468      61705F65 
 2468      6E645F5F 
 2468      00
 2469              	.LASF59:
 2470 059d 725F7072 		.ascii	"r_prio\000"
 2470      696F00
 2471              	.LASF98:
 2472 05a4 65776D61 		.ascii	"ewmask\000"
 2472      736B00
 2473              	.LASF31:
 2474 05ab 705F6E65 		.ascii	"p_next\000"
 2474      787400
 2475              	.LASF21:
 2476 05b2 746D6F64 		.ascii	"tmode_t\000"
 2476      655F7400 
 2477              	.LASF123:
 2478 05ba 63665F6F 		.ascii	"cf_off_preempt\000"
 2478      66665F70 
 2478      7265656D 
 2478      707400
 2479              	.LASF39:
 2480 05c9 705F666C 		.ascii	"p_flags\000"
 2480      61677300 
 2481              	.LASF132:
 2482 05d1 5F5F6675 		.ascii	"__func__\000"
 2482      6E635F5F 
 2482      00
 2483              	.LASF133:
 2484 05da 63685379 		.ascii	"chSysLock\000"
 2484      734C6F63 
 2484      6B00
 2485              	.LASF54:
 2486 05e4 74687265 		.ascii	"threads_queue_t\000"
 2486      6164735F 
 2486      71756575 
 2486      655F7400 
 2487              	.LASF66:
 2488 05f4 63685F76 		.ascii	"ch_virtual_timer\000"
ARM GAS  /tmp/ccQDtRWG.s 			page 49


 2488      69727475 
 2488      616C5F74 
 2488      696D6572 
 2488      00
 2489              	.LASF116:
 2490 0605 63665F6F 		.ascii	"cf_off_newer\000"
 2490      66665F6E 
 2490      65776572 
 2490      00
 2491              	.LASF99:
 2492 0612 63685F73 		.ascii	"ch_semaphore\000"
 2492      656D6170 
 2492      686F7265 
 2492      00
 2493              	.LASF46:
 2494 061f 705F6570 		.ascii	"p_epending\000"
 2494      656E6469 
 2494      6E6700
 2495              	.LASF18:
 2496 062a 75696E74 		.ascii	"uint32_t\000"
 2496      33325F74 
 2496      00
 2497              	.LASF114:
 2498 0633 63665F6F 		.ascii	"cf_off_prio\000"
 2498      66665F70 
 2498      72696F00 
 2499              	.LASF58:
 2500 063f 725F7175 		.ascii	"r_queue\000"
 2500      65756500 
 2501              	.LASF53:
 2502 0647 63685F74 		.ascii	"ch_threads_list\000"
 2502      68726561 
 2502      64735F6C 
 2502      69737400 
 2503              	.LASF109:
 2504 0657 63685F73 		.ascii	"ch_size\000"
 2504      697A6500 
 2505              	.LASF11:
 2506 065f 6C6F6E67 		.ascii	"long unsigned int\000"
 2506      20756E73 
 2506      69676E65 
 2506      6420696E 
 2506      7400
 2507              	.LASF106:
 2508 0671 63686172 		.ascii	"char\000"
 2508      00
 2509              	.LASF97:
 2510 0676 77746D74 		.ascii	"wtmtxp\000"
 2510      787000
 2511              	.LASF6:
 2512 067d 5F5F7569 		.ascii	"__uint16_t\000"
 2512      6E743136 
 2512      5F7400
 2513              	.LASF30:
 2514 0688 74687265 		.ascii	"thread_t\000"
 2514      61645F74 
 2514      00
ARM GAS  /tmp/ccQDtRWG.s 			page 50


 2515              	.LASF128:
 2516 0691 6E657874 		.ascii	"nextmem\000"
 2516      6D656D00 
 2517              	.LASF105:
 2518 0699 6D5F6E65 		.ascii	"m_next\000"
 2518      787400
 2519              	.LASF29:
 2520 06a0 73797374 		.ascii	"systime_t\000"
 2520      696D655F 
 2520      7400
 2521              	.LASF48:
 2522 06aa 705F7265 		.ascii	"p_realprio\000"
 2522      616C7072 
 2522      696F00
 2523              	.LASF64:
 2524 06b5 76746675 		.ascii	"vtfunc_t\000"
 2524      6E635F74 
 2524      00
 2525              	.LASF10:
 2526 06be 5F5F7569 		.ascii	"__uint32_t\000"
 2526      6E743332 
 2526      5F7400
 2527              	.LASF77:
 2528 06c9 70616E69 		.ascii	"panic_msg\000"
 2528      635F6D73 
 2528      6700
 2529              	.LASF90:
 2530 06d3 6F666673 		.ascii	"offset\000"
 2530      657400
 2531              	.LASF88:
 2532 06da 636F6E74 		.ascii	"context\000"
 2532      65787400 
 2533              	.LASF45:
 2534 06e2 705F6D73 		.ascii	"p_msg\000"
 2534      6700
 2535              	.LASF71:
 2536 06e8 76745F70 		.ascii	"vt_par\000"
 2536      617200
 2537              	.LASF130:
 2538 06ef 5F5F6865 		.ascii	"__heap_base__\000"
 2538      61705F62 
 2538      6173655F 
 2538      5F00
 2539              	.LASF115:
 2540 06fd 63665F6F 		.ascii	"cf_off_ctx\000"
 2540      66665F63 
 2540      747800
 2541              	.LASF102:
 2542 0708 63685F6D 		.ascii	"ch_mutex\000"
 2542      75746578 
 2542      00
 2543              	.LASF40:
 2544 0711 705F7265 		.ascii	"p_refs\000"
 2544      667300
 2545              	.LASF80:
 2546 0718 726C6973 		.ascii	"rlist\000"
 2546      7400
ARM GAS  /tmp/ccQDtRWG.s 			page 51


 2547              	.LASF15:
 2548 071e 75696E74 		.ascii	"uint8_t\000"
 2548      385F7400 
 2549              	.LASF50:
 2550 0726 74687265 		.ascii	"thread_reference_t\000"
 2550      61645F72 
 2550      65666572 
 2550      656E6365 
 2550      5F7400
 2551              	.LASF94:
 2552 0739 77746F62 		.ascii	"wtobjp\000"
 2552      6A7000
 2553              	.LASF37:
 2554 0740 705F6E61 		.ascii	"p_name\000"
 2554      6D6500
 2555              	.LASF143:
 2556 0747 73697A65 		.ascii	"size\000"
 2556      00
 2557              	.LASF74:
 2558 074c 76745F73 		.ascii	"vt_systime\000"
 2558      79737469 
 2558      6D6500
 2559              	.LASF146:
 2560 0757 63685379 		.ascii	"chSysUnlock\000"
 2560      73556E6C 
 2560      6F636B00 
 2561              	.LASF110:
 2562 0763 63685F76 		.ascii	"ch_version\000"
 2562      65727369 
 2562      6F6E00
 2563              	.LASF104:
 2564 076e 6D5F6F77 		.ascii	"m_owner\000"
 2564      6E657200 
 2565              	.LASF107:
 2566 0776 63685F69 		.ascii	"ch_identifier\000"
 2566      64656E74 
 2566      69666965 
 2566      7200
 2567              	.LASF70:
 2568 0784 76745F66 		.ascii	"vt_func\000"
 2568      756E6300 
 2569              		.ident	"GCC: (GNU Tools for Arm Embedded Processors 7-2018-q3-update) 7.3.1 20180622 (release) [AR
ARM GAS  /tmp/ccQDtRWG.s 			page 52


DEFINED SYMBOLS
                            *ABS*:0000000000000000 chmemcore.c
     /tmp/ccQDtRWG.s:18     .text._core_init:0000000000000000 $t
     /tmp/ccQDtRWG.s:26     .text._core_init:0000000000000000 _core_init
     /tmp/ccQDtRWG.s:55     .text._core_init:0000000000000018 $d
     /tmp/ccQDtRWG.s:63     .text.chCoreAlloc:0000000000000000 $t
     /tmp/ccQDtRWG.s:71     .text.chCoreAlloc:0000000000000000 chCoreAlloc
     /tmp/ccQDtRWG.s:147    .text.chCoreAlloc:0000000000000024 $d
     /tmp/ccQDtRWG.s:153    .text.chCoreAllocI:0000000000000000 $t
     /tmp/ccQDtRWG.s:161    .text.chCoreAllocI:0000000000000000 chCoreAllocI
     /tmp/ccQDtRWG.s:199    .text.chCoreAllocI:0000000000000020 $d
     /tmp/ccQDtRWG.s:205    .text.chCoreGetStatusX:0000000000000000 $t
     /tmp/ccQDtRWG.s:213    .text.chCoreGetStatusX:0000000000000000 chCoreGetStatusX
     /tmp/ccQDtRWG.s:231    .text.chCoreGetStatusX:000000000000000c $d
     /tmp/ccQDtRWG.s:237    .bss.endmem:0000000000000000 $d
     /tmp/ccQDtRWG.s:241    .bss.endmem:0000000000000000 endmem
     /tmp/ccQDtRWG.s:244    .bss.nextmem:0000000000000000 $d
     /tmp/ccQDtRWG.s:248    .bss.nextmem:0000000000000000 nextmem

UNDEFINED SYMBOLS
__heap_base__
__heap_end__
